2019-05-06 16:23:51.9896|Microsoft.AspNetCore.Hosting.Internal.WebHost|INFO|Request starting HTTP/2.0 GET https://localhost:44334/   
2019-05-06 16:23:51.9896|Microsoft.AspNetCore.Hosting.Internal.WebHost|INFO|Request starting HTTP/2.0 GET https://localhost:44334/company   
2019-05-06 16:23:51.9896|Microsoft.AspNetCore.Hosting.Internal.WebHost|INFO|Request starting HTTP/2.0 GET https://localhost:44334/company   
2019-05-06 16:23:52.3807|Microsoft.AspNetCore.Routing.EndpointMiddleware|INFO|Executing endpoint 'AccessManagement.Controllers.CompanyController.Index (AccessManagement)' 
2019-05-06 16:23:52.4118|Microsoft.AspNetCore.Routing.EndpointMiddleware|INFO|Executing endpoint 'AccessManagement.Controllers.CompanyController.Index (AccessManagement)' 
2019-05-06 16:23:52.3807|Microsoft.AspNetCore.Routing.EndpointMiddleware|INFO|Executing endpoint 'AccessManagement.Controllers.HomeController.Index (AccessManagement)' 
2019-05-06 16:23:52.4684|Microsoft.AspNetCore.Mvc.Internal.ControllerActionInvoker|INFO|Route matched with {action = "Index", controller = "Home"}. Executing action AccessManagement.Controllers.HomeController.Index (AccessManagement) 
2019-05-06 16:23:52.4684|Microsoft.AspNetCore.Mvc.Internal.ControllerActionInvoker|INFO|Route matched with {action = "Index", controller = "Company"}. Executing action AccessManagement.Controllers.CompanyController.Index (AccessManagement) 
2019-05-06 16:23:52.4684|Microsoft.AspNetCore.Mvc.Internal.ControllerActionInvoker|INFO|Route matched with {action = "Index", controller = "Company"}. Executing action AccessManagement.Controllers.CompanyController.Index (AccessManagement) 
2019-05-06 16:23:52.8907|Microsoft.AspNetCore.Mvc.Internal.ControllerActionInvoker|INFO|Executing action method AccessManagement.Controllers.HomeController.Index (AccessManagement) - Validation state: Valid 
2019-05-06 16:23:52.9071|Microsoft.AspNetCore.Mvc.Internal.ControllerActionInvoker|INFO|Executed action method AccessManagement.Controllers.HomeController.Index (AccessManagement), returned result Microsoft.AspNetCore.Mvc.ViewResult in 1.3242ms. 
2019-05-06 16:23:52.9796|Microsoft.AspNetCore.Mvc.ViewFeatures.ViewResultExecutor|INFO|Executing ViewResult, running view Index. 
2019-05-06 16:23:53.5598|Microsoft.AspNetCore.Mvc.ViewFeatures.ViewResultExecutor|INFO|Executed ViewResult - view Index executed in 624.7969ms. 
2019-05-06 16:23:53.5598|Microsoft.AspNetCore.Mvc.Internal.ControllerActionInvoker|INFO|Executed action AccessManagement.Controllers.HomeController.Index (AccessManagement) in 1085.4728ms 
2019-05-06 16:23:53.5821|Microsoft.AspNetCore.Routing.EndpointMiddleware|INFO|Executed endpoint 'AccessManagement.Controllers.HomeController.Index (AccessManagement)' 
2019-05-06 16:23:53.5995|Microsoft.AspNetCore.Hosting.Internal.WebHost|INFO|Request finished in 1628.6855ms 200 text/html; charset=utf-8 
2019-05-06 16:23:54.2113|Microsoft.AspNetCore.Mvc.Internal.ControllerActionInvoker|INFO|Executing action method AccessManagement.Controllers.CompanyController.Index (AccessManagement) - Validation state: Valid 
2019-05-06 16:23:54.2145|Microsoft.AspNetCore.Mvc.Internal.ControllerActionInvoker|INFO|Executing action method AccessManagement.Controllers.CompanyController.Index (AccessManagement) - Validation state: Valid 
2019-05-06 16:23:54.2145|AccessManagement.Controllers.BaseController|TRACE|svasvsssvsd 
2019-05-06 16:23:54.2145|AccessManagement.Controllers.BaseController|TRACE|svasvsssvsd 
2019-05-06 16:23:55.3489|Microsoft.EntityFrameworkCore.Infrastructure|INFO|Entity Framework Core 2.2.4-servicing-10062 initialized 'AccessManagementContext' using provider 'Microsoft.EntityFrameworkCore.SqlServer' with options: None 
2019-05-06 16:23:55.3489|Microsoft.EntityFrameworkCore.Infrastructure|INFO|Entity Framework Core 2.2.4-servicing-10062 initialized 'AccessManagementContext' using provider 'Microsoft.EntityFrameworkCore.SqlServer' with options: None 
2019-05-06 16:23:56.4921|Microsoft.EntityFrameworkCore.Database.Command|INFO|Executed DbCommand (92ms) [Parameters=[], CommandType='Text', CommandTimeout='30']
SELECT [dtoCompany].[CreateTime], [dtoCompany].[Id], [dtoCompany].[Name], [dtoCompany].[Status], [dtoCompany].[Tel], [dtoCompany].[UpdateTime]
FROM [Company] AS [dtoCompany] 
2019-05-06 16:23:56.4921|Microsoft.EntityFrameworkCore.Database.Command|INFO|Executed DbCommand (92ms) [Parameters=[], CommandType='Text', CommandTimeout='30']
SELECT [dtoCompany].[CreateTime], [dtoCompany].[Id], [dtoCompany].[Name], [dtoCompany].[Status], [dtoCompany].[Tel], [dtoCompany].[UpdateTime]
FROM [Company] AS [dtoCompany] 
2019-05-06 16:23:56.5872|Microsoft.AspNetCore.Mvc.Internal.ControllerActionInvoker|INFO|Executed action method AccessManagement.Controllers.CompanyController.Index (AccessManagement), returned result Microsoft.AspNetCore.Mvc.ViewResult in 2364.8814ms. 
2019-05-06 16:23:56.5922|Microsoft.AspNetCore.Mvc.Internal.ControllerActionInvoker|INFO|Executed action method AccessManagement.Controllers.CompanyController.Index (AccessManagement), returned result Microsoft.AspNetCore.Mvc.ViewResult in 2363.419ms. 
2019-05-06 16:23:56.6185|Microsoft.AspNetCore.Mvc.ViewFeatures.ViewResultExecutor|INFO|Executing ViewResult, running view Index. 
2019-05-06 16:23:56.6212|Microsoft.AspNetCore.Mvc.ViewFeatures.ViewResultExecutor|INFO|Executing ViewResult, running view Index. 
2019-05-06 16:23:56.8828|Microsoft.AspNetCore.Mvc.ViewFeatures.ViewResultExecutor|INFO|Executed ViewResult - view Index executed in 270.8864ms. 
2019-05-06 16:23:56.9005|Microsoft.AspNetCore.Mvc.Internal.ControllerActionInvoker|INFO|Executed action AccessManagement.Controllers.CompanyController.Index (AccessManagement) in 4411.7272ms 
2019-05-06 16:23:56.9036|Microsoft.AspNetCore.Mvc.ViewFeatures.ViewResultExecutor|INFO|Executed ViewResult - view Index executed in 294.4738ms. 
2019-05-06 16:23:56.9227|Microsoft.AspNetCore.Mvc.Internal.ControllerActionInvoker|INFO|Executed action AccessManagement.Controllers.CompanyController.Index (AccessManagement) in 4433.1455ms 
2019-05-06 16:23:56.9227|Microsoft.AspNetCore.Routing.EndpointMiddleware|INFO|Executed endpoint 'AccessManagement.Controllers.CompanyController.Index (AccessManagement)' 
2019-05-06 16:23:56.9353|Microsoft.AspNetCore.Routing.EndpointMiddleware|INFO|Executed endpoint 'AccessManagement.Controllers.CompanyController.Index (AccessManagement)' 
2019-05-06 16:23:57.0559|Microsoft.AspNetCore.Hosting.Internal.WebHost|INFO|Request finished in 4992.7413ms 200 text/html; charset=utf-8 
2019-05-06 16:23:57.0648|Microsoft.AspNetCore.Hosting.Internal.WebHost|INFO|Request finished in 5059.223ms 200 text/html; charset=utf-8 
2019-05-06 16:26:09.7580|Microsoft.AspNetCore.Hosting.Internal.WebHost|INFO|Request starting HTTP/2.0 GET https://localhost:44334/company   
2019-05-06 16:26:09.8004|Microsoft.AspNetCore.Routing.EndpointMiddleware|INFO|Executing endpoint 'AccessManagement.Controllers.CompanyController.Index (AccessManagement)' 
2019-05-06 16:26:09.8314|Microsoft.AspNetCore.Mvc.Internal.ControllerActionInvoker|INFO|Route matched with {action = "Index", controller = "Company"}. Executing action AccessManagement.Controllers.CompanyController.Index (AccessManagement) 
2019-05-06 16:26:09.9004|Microsoft.AspNetCore.Mvc.Internal.ControllerActionInvoker|INFO|Executing action method AccessManagement.Controllers.CompanyController.Index (AccessManagement) - Validation state: Valid 
2019-05-06 16:26:09.9048|AccessManagement.Controllers.BaseController|TRACE|svasvsssvsd 
2019-05-06 16:26:09.9048|Microsoft.EntityFrameworkCore.Infrastructure|INFO|Entity Framework Core 2.2.4-servicing-10062 initialized 'AccessManagementContext' using provider 'Microsoft.EntityFrameworkCore.SqlServer' with options: None 
2019-05-06 16:26:10.0663|Microsoft.EntityFrameworkCore.Database.Command|INFO|Executed DbCommand (109ms) [Parameters=[], CommandType='Text', CommandTimeout='30']
SELECT [dtoCompany].[CreateTime], [dtoCompany].[Id], [dtoCompany].[Name], [dtoCompany].[Status], [dtoCompany].[Tel], [dtoCompany].[UpdateTime]
FROM [Company] AS [dtoCompany] 
2019-05-06 16:26:10.0811|Microsoft.AspNetCore.Mvc.Internal.ControllerActionInvoker|INFO|Executed action method AccessManagement.Controllers.CompanyController.Index (AccessManagement), returned result Microsoft.AspNetCore.Mvc.ViewResult in 166.3399ms. 
2019-05-06 16:26:10.0901|Microsoft.AspNetCore.Mvc.ViewFeatures.ViewResultExecutor|INFO|Executing ViewResult, running view Index. 
2019-05-06 16:26:10.1152|Microsoft.AspNetCore.Mvc.ViewFeatures.ViewResultExecutor|INFO|Executed ViewResult - view Index executed in 27.7117ms. 
2019-05-06 16:26:10.1281|Microsoft.AspNetCore.Mvc.Internal.ControllerActionInvoker|INFO|Executed action AccessManagement.Controllers.CompanyController.Index (AccessManagement) in 282.4153ms 
2019-05-06 16:26:10.1494|Microsoft.AspNetCore.Routing.EndpointMiddleware|INFO|Executed endpoint 'AccessManagement.Controllers.CompanyController.Index (AccessManagement)' 
2019-05-06 16:26:10.1636|Microsoft.AspNetCore.Hosting.Internal.WebHost|INFO|Request finished in 424.7616ms 200 text/html; charset=utf-8 
2019-05-06 16:26:10.2702|Microsoft.AspNetCore.Hosting.Internal.WebHost|INFO|Request starting HTTP/2.0 GET https://localhost:44334/favicon.ico   
2019-05-06 16:26:10.3187|Microsoft.AspNetCore.StaticFiles.StaticFileMiddleware|INFO|Sending file. Request path: '/favicon.ico'. Physical path: 'C:\项目\AccessManagementSystem\AccessManagement\AccessManagement\wwwroot\favicon.ico' 
2019-05-06 16:26:10.3286|Microsoft.AspNetCore.Hosting.Internal.WebHost|INFO|Request finished in 60.0649ms 200 image/x-icon 
2019-05-06 16:26:16.4994|Microsoft.AspNetCore.Hosting.Internal.WebHost|INFO|Request starting HTTP/2.0 GET https://localhost:44334/company   
2019-05-06 16:26:16.5545|Microsoft.AspNetCore.Routing.EndpointMiddleware|INFO|Executing endpoint 'AccessManagement.Controllers.CompanyController.Index (AccessManagement)' 
2019-05-06 16:26:16.5753|Microsoft.AspNetCore.Mvc.Internal.ControllerActionInvoker|INFO|Route matched with {action = "Index", controller = "Company"}. Executing action AccessManagement.Controllers.CompanyController.Index (AccessManagement) 
2019-05-06 16:26:16.6390|Microsoft.AspNetCore.Mvc.Internal.ControllerActionInvoker|INFO|Executing action method AccessManagement.Controllers.CompanyController.Index (AccessManagement) - Validation state: Valid 
2019-05-06 16:26:16.6390|AccessManagement.Controllers.BaseController|TRACE|svasvsssvsd 
2019-05-06 16:26:16.6390|Microsoft.EntityFrameworkCore.Infrastructure|INFO|Entity Framework Core 2.2.4-servicing-10062 initialized 'AccessManagementContext' using provider 'Microsoft.EntityFrameworkCore.SqlServer' with options: None 
2019-05-06 16:26:16.7189|Microsoft.EntityFrameworkCore.Database.Command|INFO|Executed DbCommand (57ms) [Parameters=[], CommandType='Text', CommandTimeout='30']
SELECT [dtoCompany].[CreateTime], [dtoCompany].[Id], [dtoCompany].[Name], [dtoCompany].[Status], [dtoCompany].[Tel], [dtoCompany].[UpdateTime]
FROM [Company] AS [dtoCompany] 
2019-05-06 16:26:16.7189|Microsoft.AspNetCore.Mvc.Internal.ControllerActionInvoker|INFO|Executed action method AccessManagement.Controllers.CompanyController.Index (AccessManagement), returned result Microsoft.AspNetCore.Mvc.ViewResult in 78.0231ms. 
2019-05-06 16:26:16.7310|Microsoft.AspNetCore.Mvc.ViewFeatures.ViewResultExecutor|INFO|Executing ViewResult, running view Index. 
2019-05-06 16:26:16.7463|Microsoft.AspNetCore.Mvc.ViewFeatures.ViewResultExecutor|INFO|Executed ViewResult - view Index executed in 15.7926ms. 
2019-05-06 16:26:16.7896|Microsoft.AspNetCore.Mvc.Internal.ControllerActionInvoker|INFO|Executed action AccessManagement.Controllers.CompanyController.Index (AccessManagement) in 186.6652ms 
2019-05-06 16:26:16.7993|Microsoft.AspNetCore.Routing.EndpointMiddleware|INFO|Executed endpoint 'AccessManagement.Controllers.CompanyController.Index (AccessManagement)' 
2019-05-06 16:26:16.7993|Microsoft.AspNetCore.Hosting.Internal.WebHost|INFO|Request finished in 335.5336ms 200 text/html; charset=utf-8 
2019-05-06 16:26:44.0310|Microsoft.AspNetCore.Hosting.Internal.WebHost|INFO|Request starting HTTP/2.0 GET https://localhost:44334/company   
2019-05-06 16:26:44.1459|Microsoft.AspNetCore.Routing.EndpointMiddleware|INFO|Executing endpoint 'AccessManagement.Controllers.CompanyController.Index (AccessManagement)' 
2019-05-06 16:26:44.2455|Microsoft.AspNetCore.Mvc.Internal.ControllerActionInvoker|INFO|Route matched with {action = "Index", controller = "Company"}. Executing action AccessManagement.Controllers.CompanyController.Index (AccessManagement) 
2019-05-06 16:26:44.3329|Microsoft.AspNetCore.Mvc.Internal.ControllerActionInvoker|INFO|Executing action method AccessManagement.Controllers.CompanyController.Index (AccessManagement) - Validation state: Valid 
2019-05-06 16:26:44.3329|AccessManagement.Controllers.BaseController|TRACE|svasvsssvsd 
2019-05-06 16:26:44.3515|Microsoft.EntityFrameworkCore.Infrastructure|INFO|Entity Framework Core 2.2.4-servicing-10062 initialized 'AccessManagementContext' using provider 'Microsoft.EntityFrameworkCore.SqlServer' with options: None 
2019-05-06 16:26:44.5185|Microsoft.EntityFrameworkCore.Database.Command|INFO|Executed DbCommand (138ms) [Parameters=[], CommandType='Text', CommandTimeout='30']
SELECT [dtoCompany].[CreateTime], [dtoCompany].[Id], [dtoCompany].[Name], [dtoCompany].[Status], [dtoCompany].[Tel], [dtoCompany].[UpdateTime]
FROM [Company] AS [dtoCompany] 
2019-05-06 16:26:44.5271|Microsoft.AspNetCore.Mvc.Internal.ControllerActionInvoker|INFO|Executed action method AccessManagement.Controllers.CompanyController.Index (AccessManagement), returned result Microsoft.AspNetCore.Mvc.ViewResult in 184.1411ms. 
2019-05-06 16:26:44.5271|Microsoft.AspNetCore.Mvc.ViewFeatures.ViewResultExecutor|INFO|Executing ViewResult, running view Index. 
2019-05-06 16:26:44.5476|Microsoft.AspNetCore.Mvc.ViewFeatures.ViewResultExecutor|INFO|Executed ViewResult - view Index executed in 14.6717ms. 
2019-05-06 16:26:44.5817|Microsoft.AspNetCore.Mvc.Internal.ControllerActionInvoker|INFO|Executed action AccessManagement.Controllers.CompanyController.Index (AccessManagement) in 306.3264ms 
2019-05-06 16:26:44.5932|Microsoft.AspNetCore.Routing.EndpointMiddleware|INFO|Executed endpoint 'AccessManagement.Controllers.CompanyController.Index (AccessManagement)' 
2019-05-06 16:26:44.6106|Microsoft.AspNetCore.Hosting.Internal.WebHost|INFO|Request finished in 593.7019ms 200 text/html; charset=utf-8 
2019-05-06 16:26:44.8485|Microsoft.AspNetCore.Hosting.Internal.WebHost|INFO|Request starting HTTP/2.0 GET https://localhost:44334/favicon.ico   
2019-05-06 16:26:44.8732|Microsoft.AspNetCore.StaticFiles.StaticFileMiddleware|INFO|Sending file. Request path: '/favicon.ico'. Physical path: 'C:\项目\AccessManagementSystem\AccessManagement\AccessManagement\wwwroot\favicon.ico' 
2019-05-06 16:26:44.8896|Microsoft.AspNetCore.Hosting.Internal.WebHost|INFO|Request finished in 43.7507ms 200 image/x-icon 
2019-05-06 16:27:53.7728|Microsoft.AspNetCore.Hosting.Internal.WebHost|INFO|Request starting HTTP/2.0 GET https://localhost:44334/Company/Edit/1   
2019-05-06 16:27:53.7902|Microsoft.AspNetCore.Routing.EndpointMiddleware|INFO|Executing endpoint 'AccessManagement.Controllers.CompanyController.Edit (AccessManagement)' 
2019-05-06 16:27:53.8612|Microsoft.AspNetCore.Mvc.Internal.ControllerActionInvoker|INFO|Route matched with {action = "Edit", controller = "Company"}. Executing action AccessManagement.Controllers.CompanyController.Edit (AccessManagement) 
2019-05-06 16:27:53.9618|Microsoft.AspNetCore.Mvc.Internal.ControllerActionInvoker|INFO|Executing action method AccessManagement.Controllers.CompanyController.Edit (AccessManagement) with arguments (1) - Validation state: Valid 
2019-05-06 16:27:53.9724|Microsoft.AspNetCore.Mvc.Internal.ControllerActionInvoker|INFO|Executed action method AccessManagement.Controllers.CompanyController.Edit (AccessManagement), returned result Microsoft.AspNetCore.Mvc.ViewResult in 0.3955ms. 
2019-05-06 16:27:53.9859|Microsoft.AspNetCore.Mvc.ViewFeatures.ViewResultExecutor|INFO|Executing ViewResult, running view Edit. 
2019-05-06 16:27:54.1283|Microsoft.AspNetCore.Mvc.ViewFeatures.ViewResultExecutor|INFO|Executed ViewResult - view Edit executed in 149.3658ms. 
2019-05-06 16:27:54.1486|Microsoft.AspNetCore.Mvc.Internal.ControllerActionInvoker|INFO|Executed action AccessManagement.Controllers.CompanyController.Edit (AccessManagement) in 254.3073ms 
2019-05-06 16:27:54.1824|Microsoft.AspNetCore.Routing.EndpointMiddleware|INFO|Executed endpoint 'AccessManagement.Controllers.CompanyController.Edit (AccessManagement)' 
2019-05-06 16:27:54.1899|Microsoft.AspNetCore.Hosting.Internal.WebHost|INFO|Request finished in 416.7277ms 200 text/html; charset=utf-8 
2019-05-06 16:28:58.8799|Microsoft.AspNetCore.Hosting.Internal.WebHost|INFO|Request starting HTTP/2.0 GET https://localhost:44334/company   
2019-05-06 16:28:58.9020|Microsoft.AspNetCore.Routing.EndpointMiddleware|INFO|Executing endpoint 'AccessManagement.Controllers.CompanyController.Index (AccessManagement)' 
2019-05-06 16:28:58.9020|Microsoft.AspNetCore.Mvc.Internal.ControllerActionInvoker|INFO|Route matched with {action = "Index", controller = "Company"}. Executing action AccessManagement.Controllers.CompanyController.Index (AccessManagement) 
2019-05-06 16:28:58.9951|Microsoft.AspNetCore.Mvc.Internal.ControllerActionInvoker|INFO|Executing action method AccessManagement.Controllers.CompanyController.Index (AccessManagement) - Validation state: Valid 
2019-05-06 16:29:00.7730|AccessManagement.Controllers.BaseController|TRACE|svasvsssvsd 
2019-05-06 16:29:00.8004|Microsoft.EntityFrameworkCore.Infrastructure|INFO|Entity Framework Core 2.2.4-servicing-10062 initialized 'AccessManagementContext' using provider 'Microsoft.EntityFrameworkCore.SqlServer' with options: None 
2019-05-06 16:29:00.8962|Microsoft.EntityFrameworkCore.Database.Command|INFO|Executed DbCommand (87ms) [Parameters=[], CommandType='Text', CommandTimeout='30']
SELECT [dtoCompany].[CreateTime], [dtoCompany].[Id], [dtoCompany].[Name], [dtoCompany].[Status], [dtoCompany].[Tel], [dtoCompany].[UpdateTime]
FROM [Company] AS [dtoCompany] 
2019-05-06 16:29:00.9055|Microsoft.AspNetCore.Mvc.Internal.ControllerActionInvoker|INFO|Executed action method AccessManagement.Controllers.CompanyController.Index (AccessManagement), returned result Microsoft.AspNetCore.Mvc.ViewResult in 1901.1937ms. 
2019-05-06 16:29:00.9055|Microsoft.AspNetCore.Mvc.ViewFeatures.ViewResultExecutor|INFO|Executing ViewResult, running view Index. 
2019-05-06 16:29:00.9260|Microsoft.AspNetCore.Mvc.ViewFeatures.ViewResultExecutor|INFO|Executed ViewResult - view Index executed in 14.046ms. 
2019-05-06 16:29:00.9612|Microsoft.AspNetCore.Mvc.Internal.ControllerActionInvoker|INFO|Executed action AccessManagement.Controllers.CompanyController.Index (AccessManagement) in 2001.3741ms 
2019-05-06 16:29:00.9774|Microsoft.AspNetCore.Routing.EndpointMiddleware|INFO|Executed endpoint 'AccessManagement.Controllers.CompanyController.Index (AccessManagement)' 
2019-05-06 16:29:00.9950|Microsoft.AspNetCore.Hosting.Internal.WebHost|INFO|Request finished in 2118.2467ms 200 text/html; charset=utf-8 
2019-05-06 16:29:01.0965|Microsoft.AspNetCore.Hosting.Internal.WebHost|INFO|Request starting HTTP/2.0 GET https://localhost:44334/favicon.ico   
2019-05-06 16:29:01.1139|Microsoft.AspNetCore.StaticFiles.StaticFileMiddleware|INFO|Sending file. Request path: '/favicon.ico'. Physical path: 'C:\项目\AccessManagementSystem\AccessManagement\AccessManagement\wwwroot\favicon.ico' 
2019-05-06 16:29:01.1244|Microsoft.AspNetCore.Hosting.Internal.WebHost|INFO|Request finished in 29.0994ms 200 image/x-icon 
2019-05-06 16:34:10.3008|Microsoft.AspNetCore.Hosting.Internal.WebHost|INFO|Request starting HTTP/2.0 GET https://localhost:44334/   
2019-05-06 16:34:10.5589|Microsoft.AspNetCore.Routing.EndpointMiddleware|INFO|Executing endpoint 'AccessManagement.Controllers.HomeController.Index (AccessManagement)' 
2019-05-06 16:34:10.6137|Microsoft.AspNetCore.Mvc.Internal.ControllerActionInvoker|INFO|Route matched with {action = "Index", controller = "Home"}. Executing action AccessManagement.Controllers.HomeController.Index (AccessManagement) 
2019-05-06 16:34:10.8181|Microsoft.AspNetCore.Mvc.Internal.ControllerActionInvoker|INFO|Executing action method AccessManagement.Controllers.HomeController.Index (AccessManagement) - Validation state: Valid 
2019-05-06 16:34:10.8290|Microsoft.AspNetCore.Mvc.Internal.ControllerActionInvoker|INFO|Executed action method AccessManagement.Controllers.HomeController.Index (AccessManagement), returned result Microsoft.AspNetCore.Mvc.ViewResult in 1.0475ms. 
2019-05-06 16:34:10.8964|Microsoft.AspNetCore.Mvc.ViewFeatures.ViewResultExecutor|INFO|Executing ViewResult, running view Index. 
2019-05-06 16:34:11.1501|Microsoft.AspNetCore.Mvc.ViewFeatures.ViewResultExecutor|INFO|Executed ViewResult - view Index executed in 303.794ms. 
2019-05-06 16:34:11.1588|Microsoft.AspNetCore.Mvc.Internal.ControllerActionInvoker|INFO|Executed action AccessManagement.Controllers.HomeController.Index (AccessManagement) in 537.8097ms 
2019-05-06 16:34:11.1705|Microsoft.AspNetCore.Routing.EndpointMiddleware|INFO|Executed endpoint 'AccessManagement.Controllers.HomeController.Index (AccessManagement)' 
2019-05-06 16:34:11.2039|Microsoft.AspNetCore.Hosting.Internal.WebHost|INFO|Request finished in 910.5083ms 200 text/html; charset=utf-8 
2019-05-06 16:34:15.2673|Microsoft.AspNetCore.Hosting.Internal.WebHost|INFO|Request starting HTTP/2.0 GET https://localhost:44334/company   
2019-05-06 16:34:15.2833|Microsoft.AspNetCore.Routing.EndpointMiddleware|INFO|Executing endpoint 'AccessManagement.Controllers.CompanyController.Index (AccessManagement)' 
2019-05-06 16:34:15.3177|Microsoft.AspNetCore.Mvc.Internal.ControllerActionInvoker|INFO|Route matched with {action = "Index", controller = "Company"}. Executing action AccessManagement.Controllers.CompanyController.Index (AccessManagement) 
2019-05-06 16:34:16.4058|Microsoft.AspNetCore.Mvc.Internal.ControllerActionInvoker|INFO|Executing action method AccessManagement.Controllers.CompanyController.Index (AccessManagement) - Validation state: Valid 
2019-05-06 16:34:20.6722|AccessManagement.Controllers.BaseController|TRACE|svasvsssvsd 
2019-05-06 16:34:20.7117|Microsoft.AspNetCore.Hosting.Internal.WebHost|INFO|Request starting HTTP/2.0 GET https://localhost:44334/company   
2019-05-06 16:34:20.7284|Microsoft.AspNetCore.Routing.EndpointMiddleware|INFO|Executing endpoint 'AccessManagement.Controllers.CompanyController.Index (AccessManagement)' 
2019-05-06 16:34:20.7399|Microsoft.AspNetCore.Mvc.Internal.ControllerActionInvoker|INFO|Route matched with {action = "Index", controller = "Company"}. Executing action AccessManagement.Controllers.CompanyController.Index (AccessManagement) 
2019-05-06 16:34:20.8297|Microsoft.AspNetCore.Mvc.Internal.ControllerActionInvoker|INFO|Executing action method AccessManagement.Controllers.CompanyController.Index (AccessManagement) - Validation state: Valid 
2019-05-06 16:34:23.2241|AccessManagement.Controllers.BaseController|TRACE|svasvsssvsd 
2019-05-06 16:34:24.4824|Microsoft.EntityFrameworkCore.Infrastructure|INFO|Entity Framework Core 2.2.4-servicing-10062 initialized 'AccessManagementContext' using provider 'Microsoft.EntityFrameworkCore.SqlServer' with options: None 
2019-05-06 16:34:24.4824|Microsoft.EntityFrameworkCore.Infrastructure|INFO|Entity Framework Core 2.2.4-servicing-10062 initialized 'AccessManagementContext' using provider 'Microsoft.EntityFrameworkCore.SqlServer' with options: None 
2019-05-06 16:34:25.8531|Microsoft.EntityFrameworkCore.Database.Command|INFO|Executed DbCommand (161ms) [Parameters=[], CommandType='Text', CommandTimeout='30']
SELECT [dtoCompany].[CreateTime], [dtoCompany].[Id], [dtoCompany].[Name], [dtoCompany].[Status], [dtoCompany].[Tel], [dtoCompany].[UpdateTime]
FROM [Company] AS [dtoCompany] 
2019-05-06 16:34:25.8531|Microsoft.EntityFrameworkCore.Database.Command|INFO|Executed DbCommand (162ms) [Parameters=[], CommandType='Text', CommandTimeout='30']
SELECT [dtoCompany].[CreateTime], [dtoCompany].[Id], [dtoCompany].[Name], [dtoCompany].[Status], [dtoCompany].[Tel], [dtoCompany].[UpdateTime]
FROM [Company] AS [dtoCompany] 
2019-05-06 16:34:25.9464|Microsoft.AspNetCore.Mvc.Internal.ControllerActionInvoker|INFO|Executed action method AccessManagement.Controllers.CompanyController.Index (AccessManagement), returned result Microsoft.AspNetCore.Mvc.ViewResult in 9531.8359ms. 
2019-05-06 16:34:25.9464|Microsoft.AspNetCore.Mvc.Internal.ControllerActionInvoker|INFO|Executed action method AccessManagement.Controllers.CompanyController.Index (AccessManagement), returned result Microsoft.AspNetCore.Mvc.ViewResult in 5108.3541ms. 
2019-05-06 16:34:25.9806|Microsoft.AspNetCore.Mvc.ViewFeatures.ViewResultExecutor|INFO|Executing ViewResult, running view Index. 
2019-05-06 16:34:25.9806|Microsoft.AspNetCore.Mvc.ViewFeatures.ViewResultExecutor|INFO|Executing ViewResult, running view Index. 
2019-05-06 16:34:26.3118|Microsoft.AspNetCore.Mvc.ViewFeatures.ViewResultExecutor|INFO|Executed ViewResult - view Index executed in 343.1052ms. 
2019-05-06 16:34:26.3118|Microsoft.AspNetCore.Mvc.ViewFeatures.ViewResultExecutor|INFO|Executed ViewResult - view Index executed in 343.1586ms. 
2019-05-06 16:34:26.3510|Microsoft.AspNetCore.Mvc.Internal.ControllerActionInvoker|INFO|Executed action AccessManagement.Controllers.CompanyController.Index (AccessManagement) in 11007.9086ms 
2019-05-06 16:34:26.3575|Microsoft.AspNetCore.Mvc.Internal.ControllerActionInvoker|INFO|Executed action AccessManagement.Controllers.CompanyController.Index (AccessManagement) in 5603.9963ms 
2019-05-06 16:34:26.3744|Microsoft.AspNetCore.Routing.EndpointMiddleware|INFO|Executed endpoint 'AccessManagement.Controllers.CompanyController.Index (AccessManagement)' 
2019-05-06 16:34:26.3744|Microsoft.AspNetCore.Routing.EndpointMiddleware|INFO|Executed endpoint 'AccessManagement.Controllers.CompanyController.Index (AccessManagement)' 
2019-05-06 16:34:26.4754|Microsoft.AspNetCore.Hosting.Internal.WebHost|INFO|Request finished in 11137.789ms 200 text/html; charset=utf-8 
2019-05-06 16:34:26.4754|Microsoft.AspNetCore.Hosting.Internal.WebHost|INFO|Request finished in 5692.7748ms 200 text/html; charset=utf-8 
2019-05-06 16:34:57.9267|Microsoft.AspNetCore.Hosting.Internal.WebHost|INFO|Request starting HTTP/2.0 GET https://localhost:44334/company   
2019-05-06 16:34:57.9353|Microsoft.AspNetCore.Routing.EndpointMiddleware|INFO|Executing endpoint 'AccessManagement.Controllers.CompanyController.Index (AccessManagement)' 
2019-05-06 16:34:58.0100|Microsoft.AspNetCore.Mvc.Internal.ControllerActionInvoker|INFO|Route matched with {action = "Index", controller = "Company"}. Executing action AccessManagement.Controllers.CompanyController.Index (AccessManagement) 
2019-05-06 16:34:58.0855|Microsoft.AspNetCore.Mvc.Internal.ControllerActionInvoker|INFO|Executing action method AccessManagement.Controllers.CompanyController.Index (AccessManagement) - Validation state: Valid 
