2019-05-15 21:22:44.2881|Microsoft.AspNetCore.Hosting.Internal.WebHost|INFO|Request starting HTTP/2.0 GET https://localhost:44334/   
2019-05-15 21:22:45.5429|Microsoft.AspNetCore.Routing.EndpointMiddleware|INFO|Executing endpoint 'AccessManagement.Controllers.HomeController.Index (AccessManagement)' 
2019-05-15 21:22:45.7532|Microsoft.AspNetCore.Mvc.Internal.ControllerActionInvoker|INFO|Route matched with {action = "Index", controller = "Home"}. Executing controller action with signature Microsoft.AspNetCore.Mvc.IActionResult Index() on controller AccessManagement.Controllers.HomeController (AccessManagement). 
2019-05-15 21:22:46.9050|Microsoft.AspNetCore.Mvc.Internal.ControllerActionInvoker|INFO|Executing action method AccessManagement.Controllers.HomeController.Index (AccessManagement) - Validation state: Valid 
2019-05-15 21:22:46.9540|Microsoft.AspNetCore.Mvc.Internal.ControllerActionInvoker|INFO|Executed action method AccessManagement.Controllers.HomeController.Index (AccessManagement), returned result Microsoft.AspNetCore.Mvc.ViewResult in 5.7615ms. 
2019-05-15 21:22:47.6036|Microsoft.AspNetCore.Mvc.ViewFeatures.ViewResultExecutor|INFO|Executing ViewResult, running view Index. 
2019-05-15 21:22:47.8262|Microsoft.AspNetCore.Mvc.ViewFeatures.ViewResultExecutor|INFO|Executed ViewResult - view Index executed in 726.7804ms. 
2019-05-15 21:22:47.8355|Microsoft.AspNetCore.Mvc.Internal.ControllerActionInvoker|INFO|Executed action AccessManagement.Controllers.HomeController.Index (AccessManagement) in 2051.4634ms 
2019-05-15 21:22:47.8355|Microsoft.AspNetCore.Routing.EndpointMiddleware|INFO|Executed endpoint 'AccessManagement.Controllers.HomeController.Index (AccessManagement)' 
2019-05-15 21:22:47.8656|Microsoft.AspNetCore.Hosting.Internal.WebHost|INFO|Request finished in 3618.0599ms 200 text/html; charset=utf-8 
2019-05-15 21:22:53.0836|Microsoft.AspNetCore.Hosting.Internal.WebHost|INFO|Request starting HTTP/2.0 GET https://localhost:44334/Account   
2019-05-15 21:22:53.1259|Microsoft.AspNetCore.Routing.EndpointMiddleware|INFO|Executing endpoint 'AccessManagement.Controllers.AccountController.Index (AccessManagement)' 
2019-05-15 21:22:53.2288|Microsoft.AspNetCore.Mvc.Internal.ControllerActionInvoker|INFO|Route matched with {action = "Index", controller = "Account"}. Executing controller action with signature System.Threading.Tasks.Task`1[Microsoft.AspNetCore.Mvc.ActionResult] Index() on controller AccessManagement.Controllers.AccountController (AccessManagement). 
2019-05-15 21:22:53.2979|Microsoft.AspNetCore.Mvc.Internal.ControllerActionInvoker|INFO|Executed action AccessManagement.Controllers.AccountController.Index (AccessManagement) in 59.1845ms 
2019-05-15 21:22:53.3116|Microsoft.AspNetCore.Routing.EndpointMiddleware|INFO|Executed endpoint 'AccessManagement.Controllers.AccountController.Index (AccessManagement)' 
2019-05-15 21:22:53.7068|Microsoft.AspNetCore.Diagnostics.DeveloperExceptionPageMiddleware|ERROR|An unhandled exception has occurred while executing the request. Unable to resolve service for type 'AccessManagementServices.Services.AccountServices' while attempting to activate 'AccessManagement.Controllers.AccountController'.
2019-05-15 21:22:54.0540|Microsoft.AspNetCore.Hosting.Internal.WebHost|INFO|Request finished in 970.7354ms 500 text/html; charset=utf-8 
2019-05-15 21:25:32.1104|Microsoft.AspNetCore.Hosting.Internal.WebHost|INFO|Request starting HTTP/2.0 GET https://localhost:44334/   
2019-05-15 21:25:32.5360|Microsoft.AspNetCore.Routing.EndpointMiddleware|INFO|Executing endpoint 'AccessManagement.Controllers.HomeController.Index (AccessManagement)' 
2019-05-15 21:25:32.6341|Microsoft.AspNetCore.Mvc.Internal.ControllerActionInvoker|INFO|Route matched with {action = "Index", controller = "Home"}. Executing controller action with signature Microsoft.AspNetCore.Mvc.IActionResult Index() on controller AccessManagement.Controllers.HomeController (AccessManagement). 
2019-05-15 21:25:33.0695|Microsoft.AspNetCore.Mvc.Internal.ControllerActionInvoker|INFO|Executing action method AccessManagement.Controllers.HomeController.Index (AccessManagement) - Validation state: Valid 
2019-05-15 21:25:33.1023|Microsoft.AspNetCore.Mvc.Internal.ControllerActionInvoker|INFO|Executed action method AccessManagement.Controllers.HomeController.Index (AccessManagement), returned result Microsoft.AspNetCore.Mvc.ViewResult in 5.7017ms. 
2019-05-15 21:25:33.2617|Microsoft.AspNetCore.Mvc.ViewFeatures.ViewResultExecutor|INFO|Executing ViewResult, running view Index. 
2019-05-15 21:25:33.7532|Microsoft.AspNetCore.Mvc.ViewFeatures.ViewResultExecutor|INFO|Executed ViewResult - view Index executed in 609.4697ms. 
2019-05-15 21:25:33.7683|Microsoft.AspNetCore.Mvc.Internal.ControllerActionInvoker|INFO|Executed action AccessManagement.Controllers.HomeController.Index (AccessManagement) in 1117.1056ms 
2019-05-15 21:25:33.7843|Microsoft.AspNetCore.Routing.EndpointMiddleware|INFO|Executed endpoint 'AccessManagement.Controllers.HomeController.Index (AccessManagement)' 
2019-05-15 21:25:33.8212|Microsoft.AspNetCore.Hosting.Internal.WebHost|INFO|Request finished in 1738.303ms 200 text/html; charset=utf-8 
2019-05-15 21:26:18.6443|Microsoft.AspNetCore.Hosting.Internal.WebHost|INFO|Request starting HTTP/2.0 GET https://localhost:44334/account   
2019-05-15 21:26:18.6810|Microsoft.AspNetCore.Routing.EndpointMiddleware|INFO|Executing endpoint 'AccessManagement.Controllers.AccountController.Index (AccessManagement)' 
2019-05-15 21:26:18.7982|Microsoft.AspNetCore.Mvc.Internal.ControllerActionInvoker|INFO|Route matched with {action = "Index", controller = "Account"}. Executing controller action with signature System.Threading.Tasks.Task`1[Microsoft.AspNetCore.Mvc.ActionResult] Index() on controller AccessManagement.Controllers.AccountController (AccessManagement). 
2019-05-15 21:26:20.4901|Microsoft.AspNetCore.Mvc.Internal.ControllerActionInvoker|INFO|Executing action method AccessManagement.Controllers.AccountController.Index (AccessManagement) - Validation state: Valid 
2019-05-15 21:26:51.5465|Microsoft.EntityFrameworkCore.Infrastructure|INFO|Entity Framework Core 2.2.4-servicing-10062 initialized 'AccessManagementContext' using provider 'Microsoft.EntityFrameworkCore.SqlServer' with options: None 
2019-05-15 21:27:08.0557|Microsoft.EntityFrameworkCore.Database.Connection|ERROR|An error occurred using the connection to database 'AccessManagement' on server 'DESKTOP-QUO241A\SQLEXPRESS'. A network-related or instance-specific error occurred while establishing a connection to SQL Server. The server was not found or was not accessible. Verify that the instance name is correct and that SQL Server is configured to allow remote connections. (provider: SQL Network Interfaces, error: 26 - Error Locating Server/Instance Specified)
2019-05-15 21:27:08.2059|Microsoft.EntityFrameworkCore.Query|ERROR|An exception occurred while iterating over the results of a query for context type 'AccessManagementData.AccessManagementContext'.
System.Data.SqlClient.SqlException (0x80131904): A network-related or instance-specific error occurred while establishing a connection to SQL Server. The server was not found or was not accessible. Verify that the instance name is correct and that SQL Server is configured to allow remote connections. (provider: SQL Network Interfaces, error: 26 - Error Locating Server/Instance Specified)
   at System.Data.SqlClient.SqlInternalConnectionTds..ctor(DbConnectionPoolIdentity identity, SqlConnectionString connectionOptions, SqlCredential credential, Object providerInfo, String newPassword, SecureString newSecurePassword, Boolean redirectedUserInstance, SqlConnectionString userConnectionOptions, SessionData reconnectSessionData, Boolean applyTransientFaultHandling, String accessToken)
   at System.Data.SqlClient.SqlConnectionFactory.CreateConnection(DbConnectionOptions options, DbConnectionPoolKey poolKey, Object poolGroupProviderInfo, DbConnectionPool pool, DbConnection owningConnection, DbConnectionOptions userOptions)
   at System.Data.ProviderBase.DbConnectionFactory.CreatePooledConnection(DbConnectionPool pool, DbConnection owningObject, DbConnectionOptions options, DbConnectionPoolKey poolKey, DbConnectionOptions userOptions)
   at System.Data.ProviderBase.DbConnectionPool.CreateObject(DbConnection owningObject, DbConnectionOptions userOptions, DbConnectionInternal oldConnection)
   at System.Data.ProviderBase.DbConnectionPool.UserCreateRequest(DbConnection owningObject, DbConnectionOptions userOptions, DbConnectionInternal oldConnection)
   at System.Data.ProviderBase.DbConnectionPool.TryGetConnection(DbConnection owningObject, UInt32 waitForMultipleObjectsTimeout, Boolean allowCreate, Boolean onlyOneCheckConnection, DbConnectionOptions userOptions, DbConnectionInternal& connection)
   at System.Data.ProviderBase.DbConnectionPool.TryGetConnection(DbConnection owningObject, TaskCompletionSource`1 retry, DbConnectionOptions userOptions, DbConnectionInternal& connection)
   at System.Data.ProviderBase.DbConnectionFactory.TryGetConnection(DbConnection owningConnection, TaskCompletionSource`1 retry, DbConnectionOptions userOptions, DbConnectionInternal oldConnection, DbConnectionInternal& connection)
   at System.Data.ProviderBase.DbConnectionInternal.TryOpenConnectionInternal(DbConnection outerConnection, DbConnectionFactory connectionFactory, TaskCompletionSource`1 retry, DbConnectionOptions userOptions)
   at System.Data.ProviderBase.DbConnectionClosed.TryOpenConnection(DbConnection outerConnection, DbConnectionFactory connectionFactory, TaskCompletionSource`1 retry, DbConnectionOptions userOptions)
   at System.Data.SqlClient.SqlConnection.TryOpen(TaskCompletionSource`1 retry)
   at System.Data.SqlClient.SqlConnection.Open()
   at Microsoft.EntityFrameworkCore.Storage.RelationalConnection.OpenDbConnection(Boolean errorsExpected)
   at Microsoft.EntityFrameworkCore.Storage.RelationalConnection.Open(Boolean errorsExpected)
   at Microsoft.EntityFrameworkCore.Query.Internal.QueryingEnumerable`1.Enumerator.BufferlessMoveNext(DbContext _, Boolean buffer)
   at Microsoft.EntityFrameworkCore.Storage.ExecutionStrategy.ExecuteImplementation[TState,TResult](Func`3 operation, Func`3 verifySucceeded, TState state)
   at Microsoft.EntityFrameworkCore.Query.Internal.QueryingEnumerable`1.Enumerator.MoveNext()
   at System.Linq.Enumerable.SelectEnumerableIterator`2.MoveNext()
   at Microsoft.EntityFrameworkCore.Query.Internal.LinqOperatorProvider._TrackEntities[TOut,TIn](IEnumerable`1 results, QueryContext queryContext, IList`1 entityTrackingInfos, IList`1 entityAccessors)+MoveNext()
   at Microsoft.EntityFrameworkCore.Query.Internal.LinqOperatorProvider.ExceptionInterceptor`1.EnumeratorExceptionInterceptor.MoveNext()
ClientConnectionId:00000000-0000-0000-0000-000000000000
Error Number:-1,State:0,Class:20 A network-related or instance-specific error occurred while establishing a connection to SQL Server. The server was not found or was not accessible. Verify that the instance name is correct and that SQL Server is configured to allow remote connections. (provider: SQL Network Interfaces, error: 26 - Error Locating Server/Instance Specified)
2019-05-15 21:27:08.6975|Microsoft.AspNetCore.Mvc.Internal.ControllerActionInvoker|INFO|Executed action method AccessManagement.Controllers.AccountController.Index (AccessManagement), returned result Microsoft.AspNetCore.Mvc.ViewResult in 48184.8594ms. 
2019-05-15 21:27:08.7506|Microsoft.AspNetCore.Mvc.ViewFeatures.ViewResultExecutor|INFO|Executing ViewResult, running view Index. 
2019-05-15 21:27:09.5550|Microsoft.AspNetCore.Mvc.Internal.ControllerActionInvoker|INFO|Executed action AccessManagement.Controllers.AccountController.Index (AccessManagement) in 50743.0995ms 
2019-05-15 21:27:09.5690|Microsoft.AspNetCore.Routing.EndpointMiddleware|INFO|Executed endpoint 'AccessManagement.Controllers.AccountController.Index (AccessManagement)' 
2019-05-15 21:27:09.7938|Microsoft.AspNetCore.Diagnostics.DeveloperExceptionPageMiddleware|ERROR|An unhandled exception has occurred while executing the request. Object reference not set to an instance of an object.
2019-05-15 21:27:10.0766|Microsoft.AspNetCore.Hosting.Internal.WebHost|INFO|Request finished in 51398.7377ms 500 text/html; charset=utf-8 
