2019-05-10 18:01:53.1166|Microsoft.AspNetCore.Hosting.Internal.WebHost|INFO|Request starting HTTP/2.0 GET https://localhost:44334/Account   
2019-05-10 18:01:53.1166|Microsoft.AspNetCore.Hosting.Internal.WebHost|INFO|Request starting HTTP/2.0 GET https://localhost:44334/   
2019-05-10 18:01:53.7825|Microsoft.AspNetCore.Routing.EndpointMiddleware|INFO|Executing endpoint 'AccessManagement.Controllers.HomeController.Index (AccessManagement)' 
2019-05-10 18:01:53.8494|Microsoft.AspNetCore.Routing.EndpointMiddleware|INFO|Executing endpoint 'AccessManagement.Controllers.AccountController.Index (AccessManagement)' 
2019-05-10 18:01:53.9342|Microsoft.AspNetCore.Mvc.Internal.ControllerActionInvoker|INFO|Route matched with {action = "Index", controller = "Account"}. Executing action AccessManagement.Controllers.AccountController.Index (AccessManagement) 
2019-05-10 18:01:53.9503|Microsoft.AspNetCore.Mvc.Internal.ControllerActionInvoker|INFO|Route matched with {action = "Index", controller = "Home"}. Executing action AccessManagement.Controllers.HomeController.Index (AccessManagement) 
2019-05-10 18:01:54.5836|Microsoft.AspNetCore.Mvc.Internal.ControllerActionInvoker|INFO|Executing action method AccessManagement.Controllers.HomeController.Index (AccessManagement) - Validation state: Valid 
2019-05-10 18:01:54.6167|Microsoft.AspNetCore.Mvc.Internal.ControllerActionInvoker|INFO|Executed action method AccessManagement.Controllers.HomeController.Index (AccessManagement), returned result Microsoft.AspNetCore.Mvc.ViewResult in 18.2431ms. 
2019-05-10 18:01:54.7247|Microsoft.AspNetCore.Mvc.ViewFeatures.ViewResultExecutor|INFO|Executing ViewResult, running view Index. 
2019-05-10 18:01:55.5379|Microsoft.AspNetCore.Mvc.ViewFeatures.ViewResultExecutor|INFO|Executed ViewResult - view Index executed in 841.0349ms. 
2019-05-10 18:01:55.5840|Microsoft.AspNetCore.Mvc.Internal.ControllerActionInvoker|INFO|Executed action AccessManagement.Controllers.HomeController.Index (AccessManagement) in 1559.5582ms 
2019-05-10 18:01:55.6227|Microsoft.AspNetCore.Routing.EndpointMiddleware|INFO|Executed endpoint 'AccessManagement.Controllers.HomeController.Index (AccessManagement)' 
2019-05-10 18:01:55.6501|Microsoft.AspNetCore.Hosting.Internal.WebHost|INFO|Request finished in 2556.1078ms 200 text/html; charset=utf-8 
2019-05-10 18:01:56.0961|Microsoft.AspNetCore.Mvc.Internal.ControllerActionInvoker|INFO|Executing action method AccessManagement.Controllers.AccountController.Index (AccessManagement) - Validation state: Valid 
2019-05-10 18:02:03.3364|Microsoft.EntityFrameworkCore.Infrastructure|INFO|Entity Framework Core 2.2.4-servicing-10062 initialized 'AccessManagementContext' using provider 'Microsoft.EntityFrameworkCore.SqlServer' with options: None 
2019-05-10 18:02:05.2314|Microsoft.EntityFrameworkCore.Database.Command|INFO|Executed DbCommand (360ms) [Parameters=[], CommandType='Text', CommandTimeout='30']
SELECT [a].[Id], [a].[AccountName], [a].[BranchId], [a].[City], [a].[CompanyId], [a].[CreateTime], [a].[CreateUserId], [a].[Name], [a].[Password], [a].[Phone], [a].[Status], [a].[Type]
FROM [Account] AS [a] 
2019-05-10 18:06:37.8880|Microsoft.AspNetCore.Hosting.Internal.WebHost|INFO|Request starting HTTP/2.0 GET https://localhost:44334/Account   
2019-05-10 18:06:37.8880|Microsoft.AspNetCore.Hosting.Internal.WebHost|INFO|Request starting HTTP/2.0 GET https://localhost:44334/   
2019-05-10 18:06:38.6644|Microsoft.AspNetCore.Routing.EndpointMiddleware|INFO|Executing endpoint 'AccessManagement.Controllers.HomeController.Index (AccessManagement)' 
2019-05-10 18:06:38.6913|Microsoft.AspNetCore.Routing.EndpointMiddleware|INFO|Executing endpoint 'AccessManagement.Controllers.AccountController.Index (AccessManagement)' 
2019-05-10 18:06:39.0394|Microsoft.AspNetCore.Mvc.Internal.ControllerActionInvoker|INFO|Route matched with {action = "Index", controller = "Account"}. Executing action AccessManagement.Controllers.AccountController.Index (AccessManagement) 
2019-05-10 18:06:39.0394|Microsoft.AspNetCore.Mvc.Internal.ControllerActionInvoker|INFO|Route matched with {action = "Index", controller = "Home"}. Executing action AccessManagement.Controllers.HomeController.Index (AccessManagement) 
2019-05-10 18:06:39.7030|Microsoft.AspNetCore.Mvc.Internal.ControllerActionInvoker|INFO|Executing action method AccessManagement.Controllers.HomeController.Index (AccessManagement) - Validation state: Valid 
2019-05-10 18:06:39.8561|Microsoft.AspNetCore.Mvc.Internal.ControllerActionInvoker|INFO|Executed action method AccessManagement.Controllers.HomeController.Index (AccessManagement), returned result Microsoft.AspNetCore.Mvc.ViewResult in 1.528ms. 
2019-05-10 18:06:40.1810|Microsoft.AspNetCore.Mvc.ViewFeatures.ViewResultExecutor|INFO|Executing ViewResult, running view Index. 
2019-05-10 18:06:41.5861|Microsoft.AspNetCore.Mvc.ViewFeatures.ViewResultExecutor|INFO|Executed ViewResult - view Index executed in 1485.6647ms. 
2019-05-10 18:06:41.7573|Microsoft.AspNetCore.Mvc.Internal.ControllerActionInvoker|INFO|Executed action AccessManagement.Controllers.HomeController.Index (AccessManagement) in 2551.8119ms 
2019-05-10 18:06:41.8088|Microsoft.AspNetCore.Routing.EndpointMiddleware|INFO|Executed endpoint 'AccessManagement.Controllers.HomeController.Index (AccessManagement)' 
2019-05-10 18:06:41.8541|Microsoft.AspNetCore.Hosting.Internal.WebHost|INFO|Request finished in 3968.1118ms 200 text/html; charset=utf-8 
2019-05-10 18:06:42.0999|Microsoft.AspNetCore.Mvc.Internal.ControllerActionInvoker|INFO|Executing action method AccessManagement.Controllers.AccountController.Index (AccessManagement) - Validation state: Valid 
2019-05-10 18:06:45.2364|Microsoft.EntityFrameworkCore.Infrastructure|INFO|Entity Framework Core 2.2.4-servicing-10062 initialized 'AccessManagementContext' using provider 'Microsoft.EntityFrameworkCore.SqlServer' with options: None 
2019-05-10 18:06:56.1676|Microsoft.EntityFrameworkCore.Database.Command|INFO|Executed DbCommand (461ms) [Parameters=[], CommandType='Text', CommandTimeout='30']
SELECT [a].[Id], [a].[AccountName], [a].[BranchId], [a].[City], [a].[CompanyId], [a].[CreateTime], [a].[CreateUserId], [a].[Name], [a].[Password], [a].[Phone], [a].[Status], [a].[Type], [a.Company].[Id], [a.Company].[CreateTime], [a.Company].[Name], [a.Company].[Status], [a.Company].[Tel], [a.Company].[UpdateTime], [a.Branch].[Id], [a.Branch].[City], [a.Branch].[CompanyId], [a.Branch].[CreateTime], [a.Branch].[CreateUserId], [a.Branch].[Name], [a.Branch].[ParentBranchId], [a.Branch].[Type]
FROM [Account] AS [a]
INNER JOIN [Company] AS [a.Company] ON [a].[CompanyId] = [a.Company].[Id]
INNER JOIN [Branch] AS [a.Branch] ON [a].[BranchId] = [a.Branch].[Id] 
2019-05-10 18:08:26.4337|Microsoft.AspNetCore.Hosting.Internal.WebHost|INFO|Request starting HTTP/2.0 GET https://localhost:44334/   
2019-05-10 18:08:27.3412|Microsoft.AspNetCore.Routing.EndpointMiddleware|INFO|Executing endpoint 'AccessManagement.Controllers.HomeController.Index (AccessManagement)' 
2019-05-10 18:08:27.4124|Microsoft.AspNetCore.Mvc.Internal.ControllerActionInvoker|INFO|Route matched with {action = "Index", controller = "Home"}. Executing action AccessManagement.Controllers.HomeController.Index (AccessManagement) 
2019-05-10 18:08:27.6644|Microsoft.AspNetCore.Hosting.Internal.WebHost|INFO|Request starting HTTP/2.0 GET https://localhost:44334/Account   
2019-05-10 18:08:27.7613|Microsoft.AspNetCore.Routing.EndpointMiddleware|INFO|Executing endpoint 'AccessManagement.Controllers.AccountController.Index (AccessManagement)' 
2019-05-10 18:08:28.0839|Microsoft.AspNetCore.Mvc.Internal.ControllerActionInvoker|INFO|Route matched with {action = "Index", controller = "Account"}. Executing action AccessManagement.Controllers.AccountController.Index (AccessManagement) 
2019-05-10 18:08:28.1529|Microsoft.AspNetCore.Mvc.Internal.ControllerActionInvoker|INFO|Executing action method AccessManagement.Controllers.HomeController.Index (AccessManagement) - Validation state: Valid 
2019-05-10 18:08:28.1820|Microsoft.AspNetCore.Mvc.Internal.ControllerActionInvoker|INFO|Executed action method AccessManagement.Controllers.HomeController.Index (AccessManagement), returned result Microsoft.AspNetCore.Mvc.ViewResult in 1.4437ms. 
2019-05-10 18:08:28.4734|Microsoft.AspNetCore.Mvc.ViewFeatures.ViewResultExecutor|INFO|Executing ViewResult, running view Index. 
2019-05-10 18:08:29.4943|Microsoft.AspNetCore.Mvc.ViewFeatures.ViewResultExecutor|INFO|Executed ViewResult - view Index executed in 1248.2109ms. 
2019-05-10 18:08:29.5446|Microsoft.AspNetCore.Mvc.Internal.ControllerActionInvoker|INFO|Executed action AccessManagement.Controllers.HomeController.Index (AccessManagement) in 2075.7531ms 
2019-05-10 18:08:29.5634|Microsoft.AspNetCore.Routing.EndpointMiddleware|INFO|Executed endpoint 'AccessManagement.Controllers.HomeController.Index (AccessManagement)' 
2019-05-10 18:08:29.6115|Microsoft.AspNetCore.Hosting.Internal.WebHost|INFO|Request finished in 3181.2076ms 200 text/html; charset=utf-8 
2019-05-10 18:08:30.2169|Microsoft.AspNetCore.Mvc.Internal.ControllerActionInvoker|INFO|Executing action method AccessManagement.Controllers.AccountController.Index (AccessManagement) - Validation state: Valid 
2019-05-10 18:08:32.8838|Microsoft.EntityFrameworkCore.Infrastructure|INFO|Entity Framework Core 2.2.4-servicing-10062 initialized 'AccessManagementContext' using provider 'Microsoft.EntityFrameworkCore.SqlServer' with options: None 
2019-05-10 18:08:35.2772|Microsoft.EntityFrameworkCore.Database.Command|INFO|Executed DbCommand (362ms) [Parameters=[], CommandType='Text', CommandTimeout='30']
SELECT [a].[Id], [a].[AccountName], [a].[BranchId], [a].[City], [a].[CompanyId], [a].[CreateTime], [a].[CreateUserId], [a].[Name], [a].[Password], [a].[Phone], [a].[Status], [a].[Type], [a.Company].[Id], [a.Company].[CreateTime], [a.Company].[Name], [a.Company].[Status], [a.Company].[Tel], [a.Company].[UpdateTime], [a.Branch].[Id], [a.Branch].[City], [a.Branch].[CompanyId], [a.Branch].[CreateTime], [a.Branch].[CreateUserId], [a.Branch].[Name], [a.Branch].[ParentBranchId], [a.Branch].[Type]
FROM [Account] AS [a]
INNER JOIN [Company] AS [a.Company] ON [a].[CompanyId] = [a.Company].[Id]
INNER JOIN [Branch] AS [a.Branch] ON [a].[BranchId] = [a.Branch].[Id] 
