2019-05-06 17:09:58.1808|Microsoft.AspNetCore.Hosting.Internal.WebHost|INFO|Request starting HTTP/2.0 GET https://localhost:44334/   
2019-05-06 17:09:58.1808|Microsoft.AspNetCore.Hosting.Internal.WebHost|INFO|Request starting HTTP/2.0 GET https://localhost:44334/company   
2019-05-06 17:09:58.1808|Microsoft.AspNetCore.Hosting.Internal.WebHost|INFO|Request starting HTTP/2.0 GET https://localhost:44334/company   
2019-05-06 17:09:58.5605|Microsoft.AspNetCore.Routing.EndpointMiddleware|INFO|Executing endpoint 'AccessManagement.Controllers.CompanyController.Index (AccessManagement)' 
2019-05-06 17:09:58.5541|Microsoft.AspNetCore.Routing.EndpointMiddleware|INFO|Executing endpoint 'AccessManagement.Controllers.HomeController.Index (AccessManagement)' 
2019-05-06 17:09:58.5541|Microsoft.AspNetCore.Routing.EndpointMiddleware|INFO|Executing endpoint 'AccessManagement.Controllers.CompanyController.Index (AccessManagement)' 
2019-05-06 17:09:58.6204|Microsoft.AspNetCore.Mvc.Internal.ControllerActionInvoker|INFO|Route matched with {action = "Index", controller = "Home"}. Executing action AccessManagement.Controllers.HomeController.Index (AccessManagement) 
2019-05-06 17:09:58.6219|Microsoft.AspNetCore.Mvc.Internal.ControllerActionInvoker|INFO|Route matched with {action = "Index", controller = "Company"}. Executing action AccessManagement.Controllers.CompanyController.Index (AccessManagement) 
2019-05-06 17:09:58.6219|Microsoft.AspNetCore.Mvc.Internal.ControllerActionInvoker|INFO|Route matched with {action = "Index", controller = "Company"}. Executing action AccessManagement.Controllers.CompanyController.Index (AccessManagement) 
2019-05-06 17:09:59.0595|Microsoft.AspNetCore.Mvc.Internal.ControllerActionInvoker|INFO|Executing action method AccessManagement.Controllers.HomeController.Index (AccessManagement) - Validation state: Valid 
2019-05-06 17:09:59.1260|Microsoft.AspNetCore.Mvc.Internal.ControllerActionInvoker|INFO|Executed action method AccessManagement.Controllers.HomeController.Index (AccessManagement), returned result Microsoft.AspNetCore.Mvc.ViewResult in 4.2558ms. 
2019-05-06 17:09:59.8475|Microsoft.AspNetCore.Mvc.ViewFeatures.ViewResultExecutor|INFO|Executing ViewResult, running view Index. 
2019-05-06 17:10:01.5760|Microsoft.AspNetCore.Mvc.Internal.ControllerActionInvoker|INFO|Executing action method AccessManagement.Controllers.CompanyController.Index (AccessManagement) - Validation state: Valid 
2019-05-06 17:10:01.6027|Microsoft.AspNetCore.Mvc.Internal.ControllerActionInvoker|INFO|Executing action method AccessManagement.Controllers.CompanyController.Index (AccessManagement) - Validation state: Valid 
2019-05-06 17:10:01.6291|AccessManagement.Controllers.BaseController|WARN|svasvsssvsd 
2019-05-06 17:10:01.6291|AccessManagement.Controllers.BaseController|WARN|svasvsssvsd 
2019-05-06 17:10:01.9187|Microsoft.AspNetCore.Mvc.ViewFeatures.ViewResultExecutor|INFO|Executed ViewResult - view Index executed in 2523.2224ms. 
2019-05-06 17:10:02.0765|Microsoft.AspNetCore.Mvc.Internal.ControllerActionInvoker|INFO|Executed action AccessManagement.Controllers.HomeController.Index (AccessManagement) in 3327.7985ms 
2019-05-06 17:10:02.1188|Microsoft.AspNetCore.Routing.EndpointMiddleware|INFO|Executed endpoint 'AccessManagement.Controllers.HomeController.Index (AccessManagement)' 
2019-05-06 17:10:02.1921|Microsoft.AspNetCore.Hosting.Internal.WebHost|INFO|Request finished in 4026.0357ms 200 text/html; charset=utf-8 
2019-05-06 17:10:04.2828|Microsoft.EntityFrameworkCore.Infrastructure|INFO|Entity Framework Core 2.2.4-servicing-10062 initialized 'AccessManagementContext' using provider 'Microsoft.EntityFrameworkCore.SqlServer' with options: None 
2019-05-06 17:10:04.2828|Microsoft.EntityFrameworkCore.Infrastructure|INFO|Entity Framework Core 2.2.4-servicing-10062 initialized 'AccessManagementContext' using provider 'Microsoft.EntityFrameworkCore.SqlServer' with options: None 
2019-05-06 17:10:07.0876|Microsoft.EntityFrameworkCore.Database.Command|INFO|Executed DbCommand (365ms) [Parameters=[], CommandType='Text', CommandTimeout='30']
SELECT [dtoCompany].[CreateTime], [dtoCompany].[Id], [dtoCompany].[Name], [dtoCompany].[Status], [dtoCompany].[Tel], [dtoCompany].[UpdateTime]
FROM [Company] AS [dtoCompany] 
2019-05-06 17:10:07.0876|Microsoft.EntityFrameworkCore.Database.Command|INFO|Executed DbCommand (366ms) [Parameters=[], CommandType='Text', CommandTimeout='30']
SELECT [dtoCompany].[CreateTime], [dtoCompany].[Id], [dtoCompany].[Name], [dtoCompany].[Status], [dtoCompany].[Tel], [dtoCompany].[UpdateTime]
FROM [Company] AS [dtoCompany] 
2019-05-06 17:10:07.2595|Microsoft.AspNetCore.Mvc.Internal.ControllerActionInvoker|INFO|Executed action method AccessManagement.Controllers.CompanyController.Index (AccessManagement), returned result Microsoft.AspNetCore.Mvc.ViewResult in 5620.5126ms. 
2019-05-06 17:10:07.2681|Microsoft.AspNetCore.Mvc.Internal.ControllerActionInvoker|INFO|Executed action method AccessManagement.Controllers.CompanyController.Index (AccessManagement), returned result Microsoft.AspNetCore.Mvc.ViewResult in 5623.905ms. 
2019-05-06 17:10:07.3917|Microsoft.AspNetCore.Mvc.ViewFeatures.ViewResultExecutor|INFO|Executing ViewResult, running view Index. 
2019-05-06 17:10:07.4030|Microsoft.AspNetCore.Mvc.ViewFeatures.ViewResultExecutor|INFO|Executing ViewResult, running view Index. 
2019-05-06 17:10:08.0674|Microsoft.AspNetCore.Mvc.ViewFeatures.ViewResultExecutor|INFO|Executed ViewResult - view Index executed in 770.485ms. 
2019-05-06 17:10:08.0906|Microsoft.AspNetCore.Mvc.Internal.ControllerActionInvoker|INFO|Executed action AccessManagement.Controllers.CompanyController.Index (AccessManagement) in 9447.4268ms 
2019-05-06 17:10:08.1057|Microsoft.AspNetCore.Mvc.ViewFeatures.ViewResultExecutor|INFO|Executed ViewResult - view Index executed in 801.4283ms. 
2019-05-06 17:10:08.1057|Microsoft.AspNetCore.Routing.EndpointMiddleware|INFO|Executed endpoint 'AccessManagement.Controllers.CompanyController.Index (AccessManagement)' 
2019-05-06 17:10:08.2650|Microsoft.AspNetCore.Mvc.Internal.ControllerActionInvoker|INFO|Executed action AccessManagement.Controllers.CompanyController.Index (AccessManagement) in 9487.4853ms 
2019-05-06 17:10:08.2917|Microsoft.AspNetCore.Hosting.Internal.WebHost|INFO|Request finished in 10026.278ms 200 text/html; charset=utf-8 
2019-05-06 17:10:08.5195|Microsoft.AspNetCore.Routing.EndpointMiddleware|INFO|Executed endpoint 'AccessManagement.Controllers.CompanyController.Index (AccessManagement)' 
2019-05-06 17:10:08.7126|Microsoft.AspNetCore.Hosting.Internal.WebHost|INFO|Request finished in 10384.8658ms 200 text/html; charset=utf-8 
2019-05-06 17:11:03.9573|Microsoft.AspNetCore.Hosting.Internal.WebHost|INFO|Request starting HTTP/2.0 GET https://localhost:44334/company   
2019-05-06 17:11:03.9573|Microsoft.AspNetCore.Hosting.Internal.WebHost|INFO|Request starting HTTP/2.0 GET https://localhost:44334/   
2019-05-06 17:11:03.9573|Microsoft.AspNetCore.Hosting.Internal.WebHost|INFO|Request starting HTTP/2.0 GET https://localhost:44334/company   
2019-05-06 17:11:04.3560|Microsoft.AspNetCore.Routing.EndpointMiddleware|INFO|Executing endpoint 'AccessManagement.Controllers.CompanyController.Index (AccessManagement)' 
2019-05-06 17:11:04.3543|Microsoft.AspNetCore.Routing.EndpointMiddleware|INFO|Executing endpoint 'AccessManagement.Controllers.HomeController.Index (AccessManagement)' 
2019-05-06 17:11:04.3560|Microsoft.AspNetCore.Routing.EndpointMiddleware|INFO|Executing endpoint 'AccessManagement.Controllers.CompanyController.Index (AccessManagement)' 
2019-05-06 17:11:04.4447|Microsoft.AspNetCore.Mvc.Internal.ControllerActionInvoker|INFO|Route matched with {action = "Index", controller = "Company"}. Executing action AccessManagement.Controllers.CompanyController.Index (AccessManagement) 
2019-05-06 17:11:04.4447|Microsoft.AspNetCore.Mvc.Internal.ControllerActionInvoker|INFO|Route matched with {action = "Index", controller = "Home"}. Executing action AccessManagement.Controllers.HomeController.Index (AccessManagement) 
2019-05-06 17:11:04.4506|Microsoft.AspNetCore.Mvc.Internal.ControllerActionInvoker|INFO|Route matched with {action = "Index", controller = "Company"}. Executing action AccessManagement.Controllers.CompanyController.Index (AccessManagement) 
2019-05-06 17:11:05.0572|Microsoft.AspNetCore.Mvc.Internal.ControllerActionInvoker|INFO|Executing action method AccessManagement.Controllers.HomeController.Index (AccessManagement) - Validation state: Valid 
2019-05-06 17:11:05.1051|Microsoft.AspNetCore.Mvc.Internal.ControllerActionInvoker|INFO|Executed action method AccessManagement.Controllers.HomeController.Index (AccessManagement), returned result Microsoft.AspNetCore.Mvc.ViewResult in 6.4789ms. 
2019-05-06 17:11:05.2238|Microsoft.AspNetCore.Mvc.ViewFeatures.ViewResultExecutor|INFO|Executing ViewResult, running view Index. 
2019-05-06 17:11:06.0892|Microsoft.AspNetCore.Mvc.ViewFeatures.ViewResultExecutor|INFO|Executed ViewResult - view Index executed in 933.4969ms. 
2019-05-06 17:11:06.1060|Microsoft.AspNetCore.Mvc.Internal.ControllerActionInvoker|INFO|Executed action AccessManagement.Controllers.HomeController.Index (AccessManagement) in 1646.4159ms 
2019-05-06 17:11:06.1252|Microsoft.AspNetCore.Routing.EndpointMiddleware|INFO|Executed endpoint 'AccessManagement.Controllers.HomeController.Index (AccessManagement)' 
2019-05-06 17:11:06.1579|Microsoft.AspNetCore.Hosting.Internal.WebHost|INFO|Request finished in 2221.5905ms 200 text/html; charset=utf-8 
2019-05-06 17:11:07.5002|Microsoft.AspNetCore.Mvc.Internal.ControllerActionInvoker|INFO|Executing action method AccessManagement.Controllers.CompanyController.Index (AccessManagement) - Validation state: Valid 
2019-05-06 17:11:07.5002|Microsoft.AspNetCore.Mvc.Internal.ControllerActionInvoker|INFO|Executing action method AccessManagement.Controllers.CompanyController.Index (AccessManagement) - Validation state: Valid 
2019-05-06 17:11:07.5158|AccessManagement.Controllers.BaseController|INFO|svasvsssvsd 
2019-05-06 17:11:07.5158|AccessManagement.Controllers.BaseController|INFO|svasvsssvsd 
2019-05-06 17:11:09.6384|Microsoft.EntityFrameworkCore.Infrastructure|INFO|Entity Framework Core 2.2.4-servicing-10062 initialized 'AccessManagementContext' using provider 'Microsoft.EntityFrameworkCore.SqlServer' with options: None 
2019-05-06 17:11:09.6384|Microsoft.EntityFrameworkCore.Infrastructure|INFO|Entity Framework Core 2.2.4-servicing-10062 initialized 'AccessManagementContext' using provider 'Microsoft.EntityFrameworkCore.SqlServer' with options: None 
2019-05-06 17:11:11.8652|Microsoft.EntityFrameworkCore.Database.Command|INFO|Executed DbCommand (193ms) [Parameters=[], CommandType='Text', CommandTimeout='30']
SELECT [dtoCompany].[CreateTime], [dtoCompany].[Id], [dtoCompany].[Name], [dtoCompany].[Status], [dtoCompany].[Tel], [dtoCompany].[UpdateTime]
FROM [Company] AS [dtoCompany] 
2019-05-06 17:11:11.8652|Microsoft.EntityFrameworkCore.Database.Command|INFO|Executed DbCommand (193ms) [Parameters=[], CommandType='Text', CommandTimeout='30']
SELECT [dtoCompany].[CreateTime], [dtoCompany].[Id], [dtoCompany].[Name], [dtoCompany].[Status], [dtoCompany].[Tel], [dtoCompany].[UpdateTime]
FROM [Company] AS [dtoCompany] 
2019-05-06 17:11:12.0083|Microsoft.AspNetCore.Mvc.Internal.ControllerActionInvoker|INFO|Executed action method AccessManagement.Controllers.CompanyController.Index (AccessManagement), returned result Microsoft.AspNetCore.Mvc.ViewResult in 4484.499ms. 
2019-05-06 17:11:12.0197|Microsoft.AspNetCore.Mvc.Internal.ControllerActionInvoker|INFO|Executed action method AccessManagement.Controllers.CompanyController.Index (AccessManagement), returned result Microsoft.AspNetCore.Mvc.ViewResult in 4485.8877ms. 
2019-05-06 17:11:12.0684|Microsoft.AspNetCore.Mvc.ViewFeatures.ViewResultExecutor|INFO|Executing ViewResult, running view Index. 
2019-05-06 17:11:12.0843|Microsoft.AspNetCore.Mvc.ViewFeatures.ViewResultExecutor|INFO|Executing ViewResult, running view Index. 
2019-05-06 17:11:12.4863|Microsoft.AspNetCore.Mvc.ViewFeatures.ViewResultExecutor|INFO|Executed ViewResult - view Index executed in 445.3435ms. 
2019-05-06 17:11:12.5044|Microsoft.AspNetCore.Mvc.Internal.ControllerActionInvoker|INFO|Executed action AccessManagement.Controllers.CompanyController.Index (AccessManagement) in 8040.8077ms 
2019-05-06 17:11:12.5201|Microsoft.AspNetCore.Routing.EndpointMiddleware|INFO|Executed endpoint 'AccessManagement.Controllers.CompanyController.Index (AccessManagement)' 
2019-05-06 17:11:12.5201|Microsoft.AspNetCore.Mvc.ViewFeatures.ViewResultExecutor|INFO|Executed ViewResult - view Index executed in 477.4675ms. 
2019-05-06 17:11:12.5406|Microsoft.AspNetCore.Mvc.Internal.ControllerActionInvoker|INFO|Executed action AccessManagement.Controllers.CompanyController.Index (AccessManagement) in 8083.0729ms 
2019-05-06 17:11:12.6237|Microsoft.AspNetCore.Hosting.Internal.WebHost|INFO|Request finished in 8614.3661ms 200 text/html; charset=utf-8 
2019-05-06 17:11:12.6511|Microsoft.AspNetCore.Routing.EndpointMiddleware|INFO|Executed endpoint 'AccessManagement.Controllers.CompanyController.Index (AccessManagement)' 
2019-05-06 17:11:12.6730|Microsoft.AspNetCore.Hosting.Internal.WebHost|INFO|Request finished in 8734.4195ms 200 text/html; charset=utf-8 
2019-05-06 17:12:32.5046|Microsoft.AspNetCore.Hosting.Internal.WebHost|INFO|Request starting HTTP/2.0 GET https://localhost:44334/   
2019-05-06 17:12:32.5046|Microsoft.AspNetCore.Hosting.Internal.WebHost|INFO|Request starting HTTP/2.0 GET https://localhost:44334/company   
2019-05-06 17:12:32.5046|Microsoft.AspNetCore.Hosting.Internal.WebHost|INFO|Request starting HTTP/2.0 GET https://localhost:44334/company   
2019-05-06 17:12:32.8363|Microsoft.AspNetCore.Routing.EndpointMiddleware|INFO|Executing endpoint 'AccessManagement.Controllers.CompanyController.Index (AccessManagement)' 
2019-05-06 17:12:32.8363|Microsoft.AspNetCore.Routing.EndpointMiddleware|INFO|Executing endpoint 'AccessManagement.Controllers.HomeController.Index (AccessManagement)' 
2019-05-06 17:12:32.8363|Microsoft.AspNetCore.Routing.EndpointMiddleware|INFO|Executing endpoint 'AccessManagement.Controllers.CompanyController.Index (AccessManagement)' 
2019-05-06 17:12:32.9481|Microsoft.AspNetCore.Mvc.Internal.ControllerActionInvoker|INFO|Route matched with {action = "Index", controller = "Home"}. Executing action AccessManagement.Controllers.HomeController.Index (AccessManagement) 
2019-05-06 17:12:32.9615|Microsoft.AspNetCore.Mvc.Internal.ControllerActionInvoker|INFO|Route matched with {action = "Index", controller = "Company"}. Executing action AccessManagement.Controllers.CompanyController.Index (AccessManagement) 
2019-05-06 17:12:32.9742|Microsoft.AspNetCore.Mvc.Internal.ControllerActionInvoker|INFO|Route matched with {action = "Index", controller = "Company"}. Executing action AccessManagement.Controllers.CompanyController.Index (AccessManagement) 
2019-05-06 17:12:33.2377|Microsoft.AspNetCore.Mvc.Internal.ControllerActionInvoker|INFO|Executing action method AccessManagement.Controllers.HomeController.Index (AccessManagement) - Validation state: Valid 
2019-05-06 17:12:33.2711|Microsoft.AspNetCore.Mvc.Internal.ControllerActionInvoker|INFO|Executed action method AccessManagement.Controllers.HomeController.Index (AccessManagement), returned result Microsoft.AspNetCore.Mvc.ViewResult in 1.3058ms. 
2019-05-06 17:12:33.5092|Microsoft.AspNetCore.Mvc.ViewFeatures.ViewResultExecutor|INFO|Executing ViewResult, running view Index. 
2019-05-06 17:12:34.1773|Microsoft.AspNetCore.Mvc.ViewFeatures.ViewResultExecutor|INFO|Executed ViewResult - view Index executed in 813.8386ms. 
2019-05-06 17:12:34.1847|Microsoft.AspNetCore.Mvc.Internal.ControllerActionInvoker|INFO|Executed action AccessManagement.Controllers.HomeController.Index (AccessManagement) in 1228.3758ms 
2019-05-06 17:12:34.1847|Microsoft.AspNetCore.Routing.EndpointMiddleware|INFO|Executed endpoint 'AccessManagement.Controllers.HomeController.Index (AccessManagement)' 
2019-05-06 17:12:34.2161|Microsoft.AspNetCore.Hosting.Internal.WebHost|INFO|Request finished in 1762.221ms 200 text/html; charset=utf-8 
2019-05-06 17:12:35.4606|Microsoft.AspNetCore.Mvc.Internal.ControllerActionInvoker|INFO|Executing action method AccessManagement.Controllers.CompanyController.Index (AccessManagement) - Validation state: Valid 
2019-05-06 17:12:35.4655|Microsoft.AspNetCore.Mvc.Internal.ControllerActionInvoker|INFO|Executing action method AccessManagement.Controllers.CompanyController.Index (AccessManagement) - Validation state: Valid 
2019-05-06 17:12:35.4806|AccessManagement.Controllers.CompanyController|INFO|svasvsssvsd 
2019-05-06 17:12:35.4806|AccessManagement.Controllers.CompanyController|INFO|svasvsssvsd 
2019-05-06 17:12:37.0330|Microsoft.EntityFrameworkCore.Infrastructure|INFO|Entity Framework Core 2.2.4-servicing-10062 initialized 'AccessManagementContext' using provider 'Microsoft.EntityFrameworkCore.SqlServer' with options: None 
2019-05-06 17:12:37.0330|Microsoft.EntityFrameworkCore.Infrastructure|INFO|Entity Framework Core 2.2.4-servicing-10062 initialized 'AccessManagementContext' using provider 'Microsoft.EntityFrameworkCore.SqlServer' with options: None 
2019-05-06 17:12:38.1695|Microsoft.EntityFrameworkCore.Database.Command|INFO|Executed DbCommand (119ms) [Parameters=[], CommandType='Text', CommandTimeout='30']
SELECT [dtoCompany].[CreateTime], [dtoCompany].[Id], [dtoCompany].[Name], [dtoCompany].[Status], [dtoCompany].[Tel], [dtoCompany].[UpdateTime]
FROM [Company] AS [dtoCompany] 
2019-05-06 17:12:38.1695|Microsoft.EntityFrameworkCore.Database.Command|INFO|Executed DbCommand (119ms) [Parameters=[], CommandType='Text', CommandTimeout='30']
SELECT [dtoCompany].[CreateTime], [dtoCompany].[Id], [dtoCompany].[Name], [dtoCompany].[Status], [dtoCompany].[Tel], [dtoCompany].[UpdateTime]
FROM [Company] AS [dtoCompany] 
2019-05-06 17:12:38.2673|Microsoft.AspNetCore.Mvc.Internal.ControllerActionInvoker|INFO|Executed action method AccessManagement.Controllers.CompanyController.Index (AccessManagement), returned result Microsoft.AspNetCore.Mvc.ViewResult in 2789.9955ms. 
2019-05-06 17:12:38.2673|Microsoft.AspNetCore.Mvc.Internal.ControllerActionInvoker|INFO|Executed action method AccessManagement.Controllers.CompanyController.Index (AccessManagement), returned result Microsoft.AspNetCore.Mvc.ViewResult in 2801.3363ms. 
2019-05-06 17:12:38.3078|Microsoft.AspNetCore.Mvc.ViewFeatures.ViewResultExecutor|INFO|Executing ViewResult, running view Index. 
2019-05-06 17:12:38.3209|Microsoft.AspNetCore.Mvc.ViewFeatures.ViewResultExecutor|INFO|Executing ViewResult, running view Index. 
2019-05-06 17:12:38.5953|Microsoft.AspNetCore.Mvc.ViewFeatures.ViewResultExecutor|INFO|Executed ViewResult - view Index executed in 299.2034ms. 
2019-05-06 17:12:38.6206|Microsoft.AspNetCore.Mvc.Internal.ControllerActionInvoker|INFO|Executed action AccessManagement.Controllers.CompanyController.Index (AccessManagement) in 5641.2758ms 
2019-05-06 17:12:38.6206|Microsoft.AspNetCore.Mvc.ViewFeatures.ViewResultExecutor|INFO|Executed ViewResult - view Index executed in 320.6407ms. 
2019-05-06 17:12:38.6206|Microsoft.AspNetCore.Mvc.Internal.ControllerActionInvoker|INFO|Executed action AccessManagement.Controllers.CompanyController.Index (AccessManagement) in 5650.695ms 
2019-05-06 17:12:38.6581|Microsoft.AspNetCore.Routing.EndpointMiddleware|INFO|Executed endpoint 'AccessManagement.Controllers.CompanyController.Index (AccessManagement)' 
2019-05-06 17:12:38.7075|Microsoft.AspNetCore.Routing.EndpointMiddleware|INFO|Executed endpoint 'AccessManagement.Controllers.CompanyController.Index (AccessManagement)' 
2019-05-06 17:12:38.7427|Microsoft.AspNetCore.Hosting.Internal.WebHost|INFO|Request finished in 6275.8744ms 200 text/html; charset=utf-8 
2019-05-06 17:12:38.7427|Microsoft.AspNetCore.Hosting.Internal.WebHost|INFO|Request finished in 6284.5866ms 200 text/html; charset=utf-8 
2019-05-06 17:51:20.7297|Microsoft.AspNetCore.Hosting.Internal.WebHost|INFO|Request starting HTTP/2.0 GET https://localhost:44334/company   
2019-05-06 17:51:20.7297|Microsoft.AspNetCore.Hosting.Internal.WebHost|INFO|Request starting HTTP/2.0 GET https://localhost:44334/company   
2019-05-06 17:51:20.7297|Microsoft.AspNetCore.Hosting.Internal.WebHost|INFO|Request starting HTTP/2.0 GET https://localhost:44334/   
2019-05-06 17:51:21.2310|Microsoft.AspNetCore.Routing.EndpointMiddleware|INFO|Executing endpoint 'AccessManagement.Controllers.CompanyController.Index (AccessManagement)' 
2019-05-06 17:51:21.2483|Microsoft.AspNetCore.Routing.EndpointMiddleware|INFO|Executing endpoint 'AccessManagement.Controllers.CompanyController.Index (AccessManagement)' 
2019-05-06 17:51:21.3110|Microsoft.AspNetCore.Routing.EndpointMiddleware|INFO|Executing endpoint 'AccessManagement.Controllers.HomeController.Index (AccessManagement)' 
2019-05-06 17:51:21.4367|Microsoft.AspNetCore.Mvc.Internal.ControllerActionInvoker|INFO|Route matched with {action = "Index", controller = "Home"}. Executing action AccessManagement.Controllers.HomeController.Index (AccessManagement) 
2019-05-06 17:51:21.5330|Microsoft.AspNetCore.Mvc.Internal.ControllerActionInvoker|INFO|Route matched with {action = "Index", controller = "Company"}. Executing action AccessManagement.Controllers.CompanyController.Index (AccessManagement) 
2019-05-06 17:51:21.5791|Microsoft.AspNetCore.Mvc.Internal.ControllerActionInvoker|INFO|Route matched with {action = "Index", controller = "Company"}. Executing action AccessManagement.Controllers.CompanyController.Index (AccessManagement) 
2019-05-06 17:51:22.0372|Microsoft.AspNetCore.Mvc.Internal.ControllerActionInvoker|INFO|Executing action method AccessManagement.Controllers.HomeController.Index (AccessManagement) - Validation state: Valid 
2019-05-06 17:51:22.1151|Microsoft.AspNetCore.Mvc.Internal.ControllerActionInvoker|INFO|Executed action method AccessManagement.Controllers.HomeController.Index (AccessManagement), returned result Microsoft.AspNetCore.Mvc.ViewResult in 15.5641ms. 
2019-05-06 17:51:22.2879|Microsoft.AspNetCore.Mvc.ViewFeatures.ViewResultExecutor|INFO|Executing ViewResult, running view Index. 
2019-05-06 17:51:23.3218|Microsoft.AspNetCore.Mvc.ViewFeatures.ViewResultExecutor|INFO|Executed ViewResult - view Index executed in 1144.9375ms. 
2019-05-06 17:51:23.3736|Microsoft.AspNetCore.Mvc.Internal.ControllerActionInvoker|INFO|Executed action AccessManagement.Controllers.HomeController.Index (AccessManagement) in 1885.2724ms 
2019-05-06 17:51:23.4135|Microsoft.AspNetCore.Routing.EndpointMiddleware|INFO|Executed endpoint 'AccessManagement.Controllers.HomeController.Index (AccessManagement)' 
2019-05-06 17:51:23.4955|Microsoft.AspNetCore.Hosting.Internal.WebHost|INFO|Request finished in 2761.7523ms 200 text/html; charset=utf-8 
2019-05-06 17:51:24.4407|Microsoft.AspNetCore.Mvc.Internal.ControllerActionInvoker|INFO|Executing action method AccessManagement.Controllers.CompanyController.Index (AccessManagement) - Validation state: Valid 
2019-05-06 17:51:24.4407|Microsoft.AspNetCore.Mvc.Internal.ControllerActionInvoker|INFO|Executing action method AccessManagement.Controllers.CompanyController.Index (AccessManagement) - Validation state: Valid 
2019-05-06 17:51:24.4970|AccessManagement.Controllers.CompanyController|INFO|Index 
2019-05-06 17:51:24.4970|AccessManagement.Controllers.CompanyController|INFO|Index 
2019-05-06 17:51:26.0161|Microsoft.EntityFrameworkCore.Infrastructure|INFO|Entity Framework Core 2.2.4-servicing-10062 initialized 'AccessManagementContext' using provider 'Microsoft.EntityFrameworkCore.SqlServer' with options: None 
2019-05-06 17:51:26.0161|Microsoft.EntityFrameworkCore.Infrastructure|INFO|Entity Framework Core 2.2.4-servicing-10062 initialized 'AccessManagementContext' using provider 'Microsoft.EntityFrameworkCore.SqlServer' with options: None 
2019-05-06 17:51:27.4290|Microsoft.EntityFrameworkCore.Database.Command|INFO|Executed DbCommand (157ms) [Parameters=[], CommandType='Text', CommandTimeout='30']
SELECT [dtoCompany].[CreateTime], [dtoCompany].[Id], [dtoCompany].[Name], [dtoCompany].[Status], [dtoCompany].[Tel], [dtoCompany].[UpdateTime]
FROM [Company] AS [dtoCompany] 
2019-05-06 17:51:27.4290|Microsoft.EntityFrameworkCore.Database.Command|INFO|Executed DbCommand (157ms) [Parameters=[], CommandType='Text', CommandTimeout='30']
SELECT [dtoCompany].[CreateTime], [dtoCompany].[Id], [dtoCompany].[Name], [dtoCompany].[Status], [dtoCompany].[Tel], [dtoCompany].[UpdateTime]
FROM [Company] AS [dtoCompany] 
2019-05-06 17:51:27.5073|Microsoft.AspNetCore.Mvc.Internal.ControllerActionInvoker|INFO|Executed action method AccessManagement.Controllers.CompanyController.Index (AccessManagement), returned result Microsoft.AspNetCore.Mvc.ViewResult in 3057.6878ms. 
2019-05-06 17:51:27.5073|Microsoft.AspNetCore.Mvc.Internal.ControllerActionInvoker|INFO|Executed action method AccessManagement.Controllers.CompanyController.Index (AccessManagement), returned result Microsoft.AspNetCore.Mvc.ViewResult in 3052.5673ms. 
2019-05-06 17:51:27.5341|Microsoft.AspNetCore.Mvc.ViewFeatures.ViewResultExecutor|INFO|Executing ViewResult, running view Index. 
2019-05-06 17:51:27.5341|Microsoft.AspNetCore.Mvc.ViewFeatures.ViewResultExecutor|INFO|Executing ViewResult, running view Index. 
2019-05-06 17:51:27.8958|Microsoft.AspNetCore.Mvc.ViewFeatures.ViewResultExecutor|INFO|Executed ViewResult - view Index executed in 367.0654ms. 
2019-05-06 17:51:27.9062|Microsoft.AspNetCore.Mvc.Internal.ControllerActionInvoker|INFO|Executed action AccessManagement.Controllers.CompanyController.Index (AccessManagement) in 6311.865ms 
2019-05-06 17:51:27.9272|Microsoft.AspNetCore.Routing.EndpointMiddleware|INFO|Executed endpoint 'AccessManagement.Controllers.CompanyController.Index (AccessManagement)' 
2019-05-06 17:51:27.9272|Microsoft.AspNetCore.Mvc.ViewFeatures.ViewResultExecutor|INFO|Executed ViewResult - view Index executed in 399.0309ms. 
2019-05-06 17:51:27.9393|Microsoft.AspNetCore.Mvc.Internal.ControllerActionInvoker|INFO|Executed action AccessManagement.Controllers.CompanyController.Index (AccessManagement) in 6394.816ms 
2019-05-06 17:51:27.9393|Microsoft.AspNetCore.Routing.EndpointMiddleware|INFO|Executed endpoint 'AccessManagement.Controllers.CompanyController.Index (AccessManagement)' 
2019-05-06 17:51:27.9799|Microsoft.AspNetCore.Hosting.Internal.WebHost|INFO|Request finished in 7266.2271ms 200 text/html; charset=utf-8 
2019-05-06 17:51:27.9799|Microsoft.AspNetCore.Hosting.Internal.WebHost|INFO|Request finished in 7265.6922ms 200 text/html; charset=utf-8 
2019-05-06 17:51:30.9935|Microsoft.AspNetCore.Hosting.Internal.WebHost|INFO|Request starting HTTP/2.0 GET https://localhost:44334/Company/Create   
2019-05-06 17:51:31.0084|Microsoft.AspNetCore.Routing.EndpointMiddleware|INFO|Executing endpoint 'AccessManagement.Controllers.CompanyController.Create (AccessManagement)' 
2019-05-06 17:51:31.0167|Microsoft.AspNetCore.Mvc.Internal.ControllerActionInvoker|INFO|Route matched with {action = "Create", controller = "Company"}. Executing action AccessManagement.Controllers.CompanyController.Create (AccessManagement) 
2019-05-06 17:51:31.0783|Microsoft.AspNetCore.Mvc.Internal.ControllerActionInvoker|INFO|Executing action method AccessManagement.Controllers.CompanyController.Create (AccessManagement) - Validation state: Valid 
2019-05-06 17:51:31.0783|Microsoft.AspNetCore.Mvc.Internal.ControllerActionInvoker|INFO|Executed action method AccessManagement.Controllers.CompanyController.Create (AccessManagement), returned result Microsoft.AspNetCore.Mvc.ViewResult in 0.57ms. 
2019-05-06 17:51:31.1027|Microsoft.AspNetCore.Mvc.ViewFeatures.ViewResultExecutor|INFO|Executing ViewResult, running view Create. 
2019-05-06 17:51:31.5800|Microsoft.AspNetCore.Mvc.Internal.ControllerActionInvoker|INFO|Executed action AccessManagement.Controllers.CompanyController.Create (AccessManagement) in 554.462ms 
2019-05-06 17:51:31.5894|Microsoft.AspNetCore.Routing.EndpointMiddleware|INFO|Executed endpoint 'AccessManagement.Controllers.CompanyController.Create (AccessManagement)' 
2019-05-06 17:51:31.7053|Microsoft.AspNetCore.Diagnostics.DeveloperExceptionPageMiddleware|ERROR|An unhandled exception has occurred while executing the request. Object reference not set to an instance of an object.
2019-05-06 17:51:31.8543|Microsoft.AspNetCore.Hosting.Internal.WebHost|INFO|Request finished in 859.9488ms 500 text/html; charset=utf-8 
2019-05-06 17:52:55.5202|Microsoft.AspNetCore.Hosting.Internal.WebHost|INFO|Request starting HTTP/2.0 GET https://localhost:44334/company   
2019-05-06 17:52:55.5202|Microsoft.AspNetCore.Hosting.Internal.WebHost|INFO|Request starting HTTP/2.0 GET https://localhost:44334/company   
2019-05-06 17:52:55.5202|Microsoft.AspNetCore.Hosting.Internal.WebHost|INFO|Request starting HTTP/2.0 GET https://localhost:44334/   
2019-05-06 17:52:55.8684|Microsoft.AspNetCore.Routing.EndpointMiddleware|INFO|Executing endpoint 'AccessManagement.Controllers.HomeController.Index (AccessManagement)' 
2019-05-06 17:52:55.8924|Microsoft.AspNetCore.Routing.EndpointMiddleware|INFO|Executing endpoint 'AccessManagement.Controllers.CompanyController.Index (AccessManagement)' 
2019-05-06 17:52:55.8805|Microsoft.AspNetCore.Routing.EndpointMiddleware|INFO|Executing endpoint 'AccessManagement.Controllers.CompanyController.Index (AccessManagement)' 
2019-05-06 17:52:55.9448|Microsoft.AspNetCore.Mvc.Internal.ControllerActionInvoker|INFO|Route matched with {action = "Index", controller = "Home"}. Executing action AccessManagement.Controllers.HomeController.Index (AccessManagement) 
2019-05-06 17:52:55.9448|Microsoft.AspNetCore.Mvc.Internal.ControllerActionInvoker|INFO|Route matched with {action = "Index", controller = "Company"}. Executing action AccessManagement.Controllers.CompanyController.Index (AccessManagement) 
2019-05-06 17:52:55.9529|Microsoft.AspNetCore.Mvc.Internal.ControllerActionInvoker|INFO|Route matched with {action = "Index", controller = "Company"}. Executing action AccessManagement.Controllers.CompanyController.Index (AccessManagement) 
2019-05-06 17:52:56.2752|Microsoft.AspNetCore.Mvc.Internal.ControllerActionInvoker|INFO|Executing action method AccessManagement.Controllers.HomeController.Index (AccessManagement) - Validation state: Valid 
2019-05-06 17:52:56.2912|Microsoft.AspNetCore.Mvc.Internal.ControllerActionInvoker|INFO|Executed action method AccessManagement.Controllers.HomeController.Index (AccessManagement), returned result Microsoft.AspNetCore.Mvc.ViewResult in 1.3422ms. 
2019-05-06 17:52:56.4176|Microsoft.AspNetCore.Mvc.ViewFeatures.ViewResultExecutor|INFO|Executing ViewResult, running view Index. 
2019-05-06 17:52:56.9626|Microsoft.AspNetCore.Mvc.ViewFeatures.ViewResultExecutor|INFO|Executed ViewResult - view Index executed in 626.1404ms. 
2019-05-06 17:52:56.9722|Microsoft.AspNetCore.Mvc.Internal.ControllerActionInvoker|INFO|Executed action AccessManagement.Controllers.HomeController.Index (AccessManagement) in 1015.137ms 
2019-05-06 17:52:56.9806|Microsoft.AspNetCore.Routing.EndpointMiddleware|INFO|Executed endpoint 'AccessManagement.Controllers.HomeController.Index (AccessManagement)' 
2019-05-06 17:52:57.0062|Microsoft.AspNetCore.Hosting.Internal.WebHost|INFO|Request finished in 1507.8505ms 200 text/html; charset=utf-8 
2019-05-06 17:52:57.7560|Microsoft.AspNetCore.Mvc.Internal.ControllerActionInvoker|INFO|Executing action method AccessManagement.Controllers.CompanyController.Index (AccessManagement) - Validation state: Valid 
2019-05-06 17:52:57.7560|Microsoft.AspNetCore.Mvc.Internal.ControllerActionInvoker|INFO|Executing action method AccessManagement.Controllers.CompanyController.Index (AccessManagement) - Validation state: Valid 
2019-05-06 17:52:57.7806|AccessManagement.Controllers.CompanyController|INFO|Index 
2019-05-06 17:52:57.7806|AccessManagement.Controllers.CompanyController|INFO|Index 
2019-05-06 17:52:59.0549|Microsoft.EntityFrameworkCore.Infrastructure|INFO|Entity Framework Core 2.2.4-servicing-10062 initialized 'AccessManagementContext' using provider 'Microsoft.EntityFrameworkCore.SqlServer' with options: None 
2019-05-06 17:52:59.0588|Microsoft.EntityFrameworkCore.Infrastructure|INFO|Entity Framework Core 2.2.4-servicing-10062 initialized 'AccessManagementContext' using provider 'Microsoft.EntityFrameworkCore.SqlServer' with options: None 
2019-05-06 17:53:00.4276|Microsoft.EntityFrameworkCore.Database.Command|INFO|Executed DbCommand (105ms) [Parameters=[], CommandType='Text', CommandTimeout='30']
SELECT [dtoCompany].[CreateTime], [dtoCompany].[Id], [dtoCompany].[Name], [dtoCompany].[Status], [dtoCompany].[Tel], [dtoCompany].[UpdateTime]
FROM [Company] AS [dtoCompany] 
2019-05-06 17:53:00.4276|Microsoft.EntityFrameworkCore.Database.Command|INFO|Executed DbCommand (105ms) [Parameters=[], CommandType='Text', CommandTimeout='30']
SELECT [dtoCompany].[CreateTime], [dtoCompany].[Id], [dtoCompany].[Name], [dtoCompany].[Status], [dtoCompany].[Tel], [dtoCompany].[UpdateTime]
FROM [Company] AS [dtoCompany] 
2019-05-06 17:53:00.5484|Microsoft.AspNetCore.Mvc.Internal.ControllerActionInvoker|INFO|Executed action method AccessManagement.Controllers.CompanyController.Index (AccessManagement), returned result Microsoft.AspNetCore.Mvc.ViewResult in 2781.2493ms. 
2019-05-06 17:53:00.5484|Microsoft.AspNetCore.Mvc.Internal.ControllerActionInvoker|INFO|Executed action method AccessManagement.Controllers.CompanyController.Index (AccessManagement), returned result Microsoft.AspNetCore.Mvc.ViewResult in 2777.4633ms. 
2019-05-06 17:53:00.5830|Microsoft.AspNetCore.Mvc.ViewFeatures.ViewResultExecutor|INFO|Executing ViewResult, running view Index. 
2019-05-06 17:53:00.5830|Microsoft.AspNetCore.Mvc.ViewFeatures.ViewResultExecutor|INFO|Executing ViewResult, running view Index. 
2019-05-06 17:53:00.9424|Microsoft.AspNetCore.Mvc.ViewFeatures.ViewResultExecutor|INFO|Executed ViewResult - view Index executed in 370.4345ms. 
2019-05-06 17:53:00.9556|Microsoft.AspNetCore.Mvc.Internal.ControllerActionInvoker|INFO|Executed action AccessManagement.Controllers.CompanyController.Index (AccessManagement) in 4990.0156ms 
2019-05-06 17:53:00.9690|Microsoft.AspNetCore.Routing.EndpointMiddleware|INFO|Executed endpoint 'AccessManagement.Controllers.CompanyController.Index (AccessManagement)' 
2019-05-06 17:53:00.9690|Microsoft.AspNetCore.Mvc.ViewFeatures.ViewResultExecutor|INFO|Executed ViewResult - view Index executed in 402.7848ms. 
2019-05-06 17:53:00.9829|Microsoft.AspNetCore.Mvc.Internal.ControllerActionInvoker|INFO|Executed action AccessManagement.Controllers.CompanyController.Index (AccessManagement) in 5023.4776ms 
2019-05-06 17:53:00.9829|Microsoft.AspNetCore.Routing.EndpointMiddleware|INFO|Executed endpoint 'AccessManagement.Controllers.CompanyController.Index (AccessManagement)' 
2019-05-06 17:53:01.0006|Microsoft.AspNetCore.Hosting.Internal.WebHost|INFO|Request finished in 5504.0033ms 200 text/html; charset=utf-8 
2019-05-06 17:53:01.0006|Microsoft.AspNetCore.Hosting.Internal.WebHost|INFO|Request finished in 5516.489ms 200 text/html; charset=utf-8 
2019-05-06 17:53:02.7735|Microsoft.AspNetCore.Hosting.Internal.WebHost|INFO|Request starting HTTP/2.0 GET https://localhost:44334/Company/Create   
2019-05-06 17:53:02.7898|Microsoft.AspNetCore.Routing.EndpointMiddleware|INFO|Executing endpoint 'AccessManagement.Controllers.CompanyController.Create (AccessManagement)' 
2019-05-06 17:53:02.8125|Microsoft.AspNetCore.Mvc.Internal.ControllerActionInvoker|INFO|Route matched with {action = "Create", controller = "Company"}. Executing action AccessManagement.Controllers.CompanyController.Create (AccessManagement) 
2019-05-06 17:53:02.8677|Microsoft.AspNetCore.Mvc.Internal.ControllerActionInvoker|INFO|Executing action method AccessManagement.Controllers.CompanyController.Create (AccessManagement) - Validation state: Valid 
2019-05-06 17:53:02.8850|Microsoft.AspNetCore.Mvc.Internal.ControllerActionInvoker|INFO|Executed action method AccessManagement.Controllers.CompanyController.Create (AccessManagement), returned result Microsoft.AspNetCore.Mvc.ViewResult in 9.652ms. 
2019-05-06 17:53:02.8995|Microsoft.AspNetCore.Mvc.ViewFeatures.ViewResultExecutor|INFO|Executing ViewResult, running view Create. 
2019-05-06 17:53:03.3691|Microsoft.AspNetCore.Mvc.ViewFeatures.ViewResultExecutor|INFO|Executed ViewResult - view Create executed in 318.0118ms. 
2019-05-06 17:53:03.4467|Microsoft.AspNetCore.Mvc.Internal.ControllerActionInvoker|INFO|Executed action AccessManagement.Controllers.CompanyController.Create (AccessManagement) in 574.0925ms 
2019-05-06 17:53:03.4621|Microsoft.AspNetCore.Routing.EndpointMiddleware|INFO|Executed endpoint 'AccessManagement.Controllers.CompanyController.Create (AccessManagement)' 
2019-05-06 17:53:03.4817|Microsoft.AspNetCore.Hosting.Internal.WebHost|INFO|Request finished in 703.2497ms 200 text/html; charset=utf-8 
2019-05-06 17:53:11.0277|Microsoft.AspNetCore.Hosting.Internal.WebHost|INFO|Request starting HTTP/2.0 POST https://localhost:44334/Company/Create application/x-www-form-urlencoded 231 
2019-05-06 17:53:11.0727|Microsoft.AspNetCore.Routing.EndpointMiddleware|INFO|Executing endpoint 'AccessManagement.Controllers.CompanyController.Create (AccessManagement)' 
2019-05-06 17:53:11.1306|Microsoft.AspNetCore.Mvc.Internal.ControllerActionInvoker|INFO|Route matched with {action = "Create", controller = "Company"}. Executing action AccessManagement.Controllers.CompanyController.Create (AccessManagement) 
2019-05-06 17:53:11.3704|Microsoft.AspNetCore.Mvc.Internal.ControllerActionInvoker|INFO|Executing action method AccessManagement.Controllers.CompanyController.Create (AccessManagement) with arguments (AccessManagementServices.DOTS.CompanyViewModel) - Validation state: Valid 
2019-05-06 17:54:11.2223|Microsoft.EntityFrameworkCore.Infrastructure|INFO|Entity Framework Core 2.2.4-servicing-10062 initialized 'AccessManagementContext' using provider 'Microsoft.EntityFrameworkCore.SqlServer' with options: None 
2019-05-06 17:54:12.5169|Microsoft.EntityFrameworkCore.Database.Command|ERROR|Failed executing DbCommand (247ms) [Parameters=[@p0='?' (DbType = DateTime2), @p1='?' (Size = 4000), @p2='?' (DbType = Int32), @p3='?' (Size = 4000), @p4='?' (DbType = DateTime2)], CommandType='Text', CommandTimeout='30']
SET NOCOUNT ON;
INSERT INTO [Company] ([CreateTime], [Name], [Status], [Tel], [UpdateTime])
VALUES (@p0, @p1, @p2, @p3, @p4);
SELECT [Id]
FROM [Company]
WHERE @@ROWCOUNT = 1 AND [Id] = scope_identity(); 从 datetime2 数据类型到 datetime 数据类型的转换产生一个超出范围的值。
语句已终止。
2019-05-06 17:54:12.6167|Microsoft.EntityFrameworkCore.Update|ERROR|An exception occurred in the database while saving changes for context type 'AccessManagementData.AccessManagementContext'.
Microsoft.EntityFrameworkCore.DbUpdateException: An error occurred while updating the entries. See the inner exception for details. ---> System.Data.SqlClient.SqlException: 从 datetime2 数据类型到 datetime 数据类型的转换产生一个超出范围的值。
语句已终止。
   at System.Data.SqlClient.SqlCommand.<>c.<ExecuteDbDataReaderAsync>b__122_0(Task`1 result)
   at System.Threading.Tasks.ContinuationResultTaskFromResultTask`2.InnerInvoke()
   at System.Threading.ExecutionContext.RunInternal(ExecutionContext executionContext, ContextCallback callback, Object state)
--- End of stack trace from previous location where exception was thrown ---
   at System.Threading.Tasks.Task.ExecuteWithThreadLocal(Task& currentTaskSlot)
--- End of stack trace from previous location where exception was thrown ---
   at Microsoft.EntityFrameworkCore.Storage.Internal.RelationalCommand.ExecuteAsync(IRelationalConnection connection, DbCommandMethod executeMethod, IReadOnlyDictionary`2 parameterValues, CancellationToken cancellationToken)
   at Microsoft.EntityFrameworkCore.Update.ReaderModificationCommandBatch.ExecuteAsync(IRelationalConnection connection, CancellationToken cancellationToken)
   --- End of inner exception stack trace ---
   at Microsoft.EntityFrameworkCore.Update.ReaderModificationCommandBatch.ExecuteAsync(IRelationalConnection connection, CancellationToken cancellationToken)
   at Microsoft.EntityFrameworkCore.Update.Internal.BatchExecutor.ExecuteAsync(DbContext _, ValueTuple`2 parameters, CancellationToken cancellationToken)
   at Microsoft.EntityFrameworkCore.SqlServer.Storage.Internal.SqlServerExecutionStrategy.ExecuteAsync[TState,TResult](TState state, Func`4 operation, Func`4 verifySucceeded, CancellationToken cancellationToken)
   at Microsoft.EntityFrameworkCore.ChangeTracking.Internal.StateManager.SaveChangesAsync(IReadOnlyList`1 entriesToSave, CancellationToken cancellationToken)
   at Microsoft.EntityFrameworkCore.ChangeTracking.Internal.StateManager.SaveChangesAsync(Boolean acceptAllChangesOnSuccess, CancellationToken cancellationToken)
   at Microsoft.EntityFrameworkCore.DbContext.SaveChangesAsync(Boolean acceptAllChangesOnSuccess, CancellationToken cancellationToken) An error occurred while updating the entries. See the inner exception for details.
2019-05-06 17:55:03.2573|Microsoft.AspNetCore.Hosting.Internal.WebHost|INFO|Request starting HTTP/2.0 GET https://localhost:44334/company   
2019-05-06 17:55:03.2573|Microsoft.AspNetCore.Hosting.Internal.WebHost|INFO|Request starting HTTP/2.0 GET https://localhost:44334/   
2019-05-06 17:55:03.2573|Microsoft.AspNetCore.Hosting.Internal.WebHost|INFO|Request starting HTTP/2.0 GET https://localhost:44334/company   
2019-05-06 17:55:03.5777|Microsoft.AspNetCore.Routing.EndpointMiddleware|INFO|Executing endpoint 'AccessManagement.Controllers.CompanyController.Index (AccessManagement)' 
2019-05-06 17:55:03.5690|Microsoft.AspNetCore.Routing.EndpointMiddleware|INFO|Executing endpoint 'AccessManagement.Controllers.HomeController.Index (AccessManagement)' 
2019-05-06 17:55:03.5777|Microsoft.AspNetCore.Routing.EndpointMiddleware|INFO|Executing endpoint 'AccessManagement.Controllers.CompanyController.Index (AccessManagement)' 
2019-05-06 17:55:03.6732|Microsoft.AspNetCore.Mvc.Internal.ControllerActionInvoker|INFO|Route matched with {action = "Index", controller = "Company"}. Executing action AccessManagement.Controllers.CompanyController.Index (AccessManagement) 
2019-05-06 17:55:03.6732|Microsoft.AspNetCore.Mvc.Internal.ControllerActionInvoker|INFO|Route matched with {action = "Index", controller = "Company"}. Executing action AccessManagement.Controllers.CompanyController.Index (AccessManagement) 
2019-05-06 17:55:03.6732|Microsoft.AspNetCore.Mvc.Internal.ControllerActionInvoker|INFO|Route matched with {action = "Index", controller = "Home"}. Executing action AccessManagement.Controllers.HomeController.Index (AccessManagement) 
2019-05-06 17:55:03.9577|Microsoft.AspNetCore.Mvc.Internal.ControllerActionInvoker|INFO|Executing action method AccessManagement.Controllers.HomeController.Index (AccessManagement) - Validation state: Valid 
2019-05-06 17:55:03.9748|Microsoft.AspNetCore.Mvc.Internal.ControllerActionInvoker|INFO|Executed action method AccessManagement.Controllers.HomeController.Index (AccessManagement), returned result Microsoft.AspNetCore.Mvc.ViewResult in 1.3161ms. 
2019-05-06 17:55:04.0771|Microsoft.AspNetCore.Mvc.ViewFeatures.ViewResultExecutor|INFO|Executing ViewResult, running view Index. 
2019-05-06 17:55:04.7870|Microsoft.AspNetCore.Mvc.ViewFeatures.ViewResultExecutor|INFO|Executed ViewResult - view Index executed in 765.0582ms. 
2019-05-06 17:55:04.8023|Microsoft.AspNetCore.Mvc.Internal.ControllerActionInvoker|INFO|Executed action AccessManagement.Controllers.HomeController.Index (AccessManagement) in 1105.8386ms 
2019-05-06 17:55:04.8134|Microsoft.AspNetCore.Routing.EndpointMiddleware|INFO|Executed endpoint 'AccessManagement.Controllers.HomeController.Index (AccessManagement)' 
2019-05-06 17:55:04.8447|Microsoft.AspNetCore.Hosting.Internal.WebHost|INFO|Request finished in 1611.1415ms 200 text/html; charset=utf-8 
2019-05-06 17:55:06.0145|Microsoft.AspNetCore.Mvc.Internal.ControllerActionInvoker|INFO|Executing action method AccessManagement.Controllers.CompanyController.Index (AccessManagement) - Validation state: Valid 
2019-05-06 17:55:06.0368|Microsoft.AspNetCore.Mvc.Internal.ControllerActionInvoker|INFO|Executing action method AccessManagement.Controllers.CompanyController.Index (AccessManagement) - Validation state: Valid 
2019-05-06 17:55:06.0763|AccessManagement.Controllers.CompanyController|INFO|Index 
2019-05-06 17:55:06.0763|AccessManagement.Controllers.CompanyController|INFO|Index 
2019-05-06 17:55:07.8240|Microsoft.EntityFrameworkCore.Infrastructure|INFO|Entity Framework Core 2.2.4-servicing-10062 initialized 'AccessManagementContext' using provider 'Microsoft.EntityFrameworkCore.SqlServer' with options: None 
2019-05-06 17:55:07.8240|Microsoft.EntityFrameworkCore.Infrastructure|INFO|Entity Framework Core 2.2.4-servicing-10062 initialized 'AccessManagementContext' using provider 'Microsoft.EntityFrameworkCore.SqlServer' with options: None 
2019-05-06 17:55:09.3797|Microsoft.EntityFrameworkCore.Database.Command|INFO|Executed DbCommand (175ms) [Parameters=[], CommandType='Text', CommandTimeout='30']
SELECT [dtoCompany].[CreateTime], [dtoCompany].[Id], [dtoCompany].[Name], [dtoCompany].[Status], [dtoCompany].[Tel], [dtoCompany].[UpdateTime]
FROM [Company] AS [dtoCompany] 
2019-05-06 17:55:09.3797|Microsoft.EntityFrameworkCore.Database.Command|INFO|Executed DbCommand (174ms) [Parameters=[], CommandType='Text', CommandTimeout='30']
SELECT [dtoCompany].[CreateTime], [dtoCompany].[Id], [dtoCompany].[Name], [dtoCompany].[Status], [dtoCompany].[Tel], [dtoCompany].[UpdateTime]
FROM [Company] AS [dtoCompany] 
2019-05-06 17:55:09.5125|Microsoft.AspNetCore.Mvc.Internal.ControllerActionInvoker|INFO|Executed action method AccessManagement.Controllers.CompanyController.Index (AccessManagement), returned result Microsoft.AspNetCore.Mvc.ViewResult in 3468.0512ms. 
2019-05-06 17:55:09.5125|Microsoft.AspNetCore.Mvc.Internal.ControllerActionInvoker|INFO|Executed action method AccessManagement.Controllers.CompanyController.Index (AccessManagement), returned result Microsoft.AspNetCore.Mvc.ViewResult in 3484.2518ms. 
2019-05-06 17:55:09.5886|Microsoft.AspNetCore.Mvc.ViewFeatures.ViewResultExecutor|INFO|Executing ViewResult, running view Index. 
2019-05-06 17:55:09.6452|Microsoft.AspNetCore.Mvc.ViewFeatures.ViewResultExecutor|INFO|Executing ViewResult, running view Index. 
2019-05-06 17:55:10.1092|Microsoft.AspNetCore.Mvc.ViewFeatures.ViewResultExecutor|INFO|Executed ViewResult - view Index executed in 564.0862ms. 
2019-05-06 17:55:10.1265|Microsoft.AspNetCore.Mvc.Internal.ControllerActionInvoker|INFO|Executed action AccessManagement.Controllers.CompanyController.Index (AccessManagement) in 6441.6881ms 
2019-05-06 17:55:10.1423|Microsoft.AspNetCore.Mvc.ViewFeatures.ViewResultExecutor|INFO|Executed ViewResult - view Index executed in 592.2438ms. 
2019-05-06 17:55:10.1644|Microsoft.AspNetCore.Mvc.Internal.ControllerActionInvoker|INFO|Executed action AccessManagement.Controllers.CompanyController.Index (AccessManagement) in 6462.9073ms 
2019-05-06 17:55:10.3723|Microsoft.AspNetCore.Routing.EndpointMiddleware|INFO|Executed endpoint 'AccessManagement.Controllers.CompanyController.Index (AccessManagement)' 
2019-05-06 17:55:10.4026|Microsoft.AspNetCore.Routing.EndpointMiddleware|INFO|Executed endpoint 'AccessManagement.Controllers.CompanyController.Index (AccessManagement)' 
2019-05-06 17:55:10.4448|Microsoft.AspNetCore.Hosting.Internal.WebHost|INFO|Request finished in 7180.4656ms 200 text/html; charset=utf-8 
2019-05-06 17:55:10.4448|Microsoft.AspNetCore.Hosting.Internal.WebHost|INFO|Request finished in 7184.4219ms 200 text/html; charset=utf-8 
2019-05-06 17:55:20.0064|Microsoft.AspNetCore.Hosting.Internal.WebHost|INFO|Request starting HTTP/2.0 GET https://localhost:44334/Company/Create   
2019-05-06 17:55:20.0283|Microsoft.AspNetCore.Routing.EndpointMiddleware|INFO|Executing endpoint 'AccessManagement.Controllers.CompanyController.Create (AccessManagement)' 
2019-05-06 17:55:20.0510|Microsoft.AspNetCore.Mvc.Internal.ControllerActionInvoker|INFO|Route matched with {action = "Create", controller = "Company"}. Executing action AccessManagement.Controllers.CompanyController.Create (AccessManagement) 
2019-05-06 17:55:20.1091|Microsoft.AspNetCore.Mvc.Internal.ControllerActionInvoker|INFO|Executing action method AccessManagement.Controllers.CompanyController.Create (AccessManagement) - Validation state: Valid 
2019-05-06 17:55:20.1241|Microsoft.AspNetCore.Mvc.Internal.ControllerActionInvoker|INFO|Executed action method AccessManagement.Controllers.CompanyController.Create (AccessManagement), returned result Microsoft.AspNetCore.Mvc.ViewResult in 6.8168ms. 
2019-05-06 17:55:20.1569|Microsoft.AspNetCore.Mvc.ViewFeatures.ViewResultExecutor|INFO|Executing ViewResult, running view Create. 
2019-05-06 17:55:20.5301|Microsoft.AspNetCore.Mvc.ViewFeatures.ViewResultExecutor|INFO|Executed ViewResult - view Create executed in 315.3821ms. 
2019-05-06 17:55:20.6030|Microsoft.AspNetCore.Mvc.Internal.ControllerActionInvoker|INFO|Executed action AccessManagement.Controllers.CompanyController.Create (AccessManagement) in 479.691ms 
2019-05-06 17:55:20.6123|Microsoft.AspNetCore.Routing.EndpointMiddleware|INFO|Executed endpoint 'AccessManagement.Controllers.CompanyController.Create (AccessManagement)' 
2019-05-06 17:55:20.6356|Microsoft.AspNetCore.Hosting.Internal.WebHost|INFO|Request finished in 618.1794ms 200 text/html; charset=utf-8 
2019-05-06 17:55:26.6948|Microsoft.AspNetCore.Hosting.Internal.WebHost|INFO|Request starting HTTP/2.0 POST https://localhost:44334/Company/Create application/x-www-form-urlencoded 231 
2019-05-06 17:55:26.7088|Microsoft.AspNetCore.Routing.EndpointMiddleware|INFO|Executing endpoint 'AccessManagement.Controllers.CompanyController.Create (AccessManagement)' 
2019-05-06 17:55:26.7810|Microsoft.AspNetCore.Mvc.Internal.ControllerActionInvoker|INFO|Route matched with {action = "Create", controller = "Company"}. Executing action AccessManagement.Controllers.CompanyController.Create (AccessManagement) 
2019-05-06 17:55:26.9376|Microsoft.AspNetCore.Mvc.Internal.ControllerActionInvoker|INFO|Executing action method AccessManagement.Controllers.CompanyController.Create (AccessManagement) with arguments (AccessManagementServices.DOTS.CompanyViewModel) - Validation state: Valid 
2019-05-06 17:55:29.8836|Microsoft.EntityFrameworkCore.Infrastructure|INFO|Entity Framework Core 2.2.4-servicing-10062 initialized 'AccessManagementContext' using provider 'Microsoft.EntityFrameworkCore.SqlServer' with options: None 
2019-05-06 17:55:30.6603|Microsoft.EntityFrameworkCore.Database.Command|INFO|Executed DbCommand (67ms) [Parameters=[@p0='?' (DbType = DateTime2), @p1='?' (Size = 4000), @p2='?' (DbType = Int32), @p3='?' (Size = 4000), @p4='?' (DbType = DateTime2)], CommandType='Text', CommandTimeout='30']
SET NOCOUNT ON;
INSERT INTO [Company] ([CreateTime], [Name], [Status], [Tel], [UpdateTime])
VALUES (@p0, @p1, @p2, @p3, @p4);
SELECT [Id]
FROM [Company]
WHERE @@ROWCOUNT = 1 AND [Id] = scope_identity(); 
2019-05-06 17:55:30.7507|Microsoft.AspNetCore.Mvc.Internal.ControllerActionInvoker|INFO|Executed action method AccessManagement.Controllers.CompanyController.Create (AccessManagement), returned result Microsoft.AspNetCore.Mvc.RedirectToActionResult in 3808.8077ms. 
2019-05-06 17:55:30.7507|Microsoft.AspNetCore.Mvc.RedirectToActionResult|INFO|Executing RedirectResult, redirecting to /Company. 
2019-05-06 17:55:30.7642|Microsoft.AspNetCore.Mvc.Internal.ControllerActionInvoker|INFO|Executed action AccessManagement.Controllers.CompanyController.Create (AccessManagement) in 3974.5515ms 
2019-05-06 17:55:30.7890|Microsoft.AspNetCore.Routing.EndpointMiddleware|INFO|Executed endpoint 'AccessManagement.Controllers.CompanyController.Create (AccessManagement)' 
2019-05-06 17:55:30.8418|Microsoft.AspNetCore.Hosting.Internal.WebHost|INFO|Request finished in 4103.5413ms 302  
2019-05-06 17:55:31.0710|Microsoft.AspNetCore.Hosting.Internal.WebHost|INFO|Request starting HTTP/2.0 GET https://localhost:44334/Company   
2019-05-06 17:55:31.0798|Microsoft.AspNetCore.Routing.EndpointMiddleware|INFO|Executing endpoint 'AccessManagement.Controllers.CompanyController.Index (AccessManagement)' 
2019-05-06 17:55:31.1050|Microsoft.AspNetCore.Mvc.Internal.ControllerActionInvoker|INFO|Route matched with {action = "Index", controller = "Company"}. Executing action AccessManagement.Controllers.CompanyController.Index (AccessManagement) 
2019-05-06 17:55:31.1681|Microsoft.AspNetCore.Mvc.Internal.ControllerActionInvoker|INFO|Executing action method AccessManagement.Controllers.CompanyController.Index (AccessManagement) - Validation state: Valid 
2019-05-06 17:55:31.2237|AccessManagement.Controllers.CompanyController|INFO|Index 
2019-05-06 17:55:31.2557|Microsoft.EntityFrameworkCore.Infrastructure|INFO|Entity Framework Core 2.2.4-servicing-10062 initialized 'AccessManagementContext' using provider 'Microsoft.EntityFrameworkCore.SqlServer' with options: None 
2019-05-06 17:55:31.5222|Microsoft.EntityFrameworkCore.Database.Command|INFO|Executed DbCommand (250ms) [Parameters=[], CommandType='Text', CommandTimeout='30']
SELECT [dtoCompany].[CreateTime], [dtoCompany].[Id], [dtoCompany].[Name], [dtoCompany].[Status], [dtoCompany].[Tel], [dtoCompany].[UpdateTime]
FROM [Company] AS [dtoCompany] 
2019-05-06 17:55:31.5413|Microsoft.AspNetCore.Mvc.Internal.ControllerActionInvoker|INFO|Executed action method AccessManagement.Controllers.CompanyController.Index (AccessManagement), returned result Microsoft.AspNetCore.Mvc.ViewResult in 346.5162ms. 
2019-05-06 17:55:31.5570|Microsoft.AspNetCore.Mvc.ViewFeatures.ViewResultExecutor|INFO|Executing ViewResult, running view Index. 
2019-05-06 17:55:31.5818|Microsoft.AspNetCore.Mvc.ViewFeatures.ViewResultExecutor|INFO|Executed ViewResult - view Index executed in 33.6659ms. 
2019-05-06 17:55:31.6314|Microsoft.AspNetCore.Mvc.Internal.ControllerActionInvoker|INFO|Executed action AccessManagement.Controllers.CompanyController.Index (AccessManagement) in 481.1555ms 
2019-05-06 17:55:31.6436|Microsoft.AspNetCore.Routing.EndpointMiddleware|INFO|Executed endpoint 'AccessManagement.Controllers.CompanyController.Index (AccessManagement)' 
2019-05-06 17:55:31.6436|Microsoft.AspNetCore.Hosting.Internal.WebHost|INFO|Request finished in 582.4726ms 200 text/html; charset=utf-8 
