2019-05-20 16:09:05.5755|AccessManagement.Middleware.LogMiddleware|INFO|Request Path:/appmenu requestMethod:GET requestHost:localhost:44334 requestHeaders:Microsoft.AspNetCore.HttpSys.Internal.RequestHeaders 
2019-05-20 16:09:05.5755|AccessManagement.Middleware.LogMiddleware|INFO|Request Path:/ requestMethod:GET requestHost:localhost:44334 requestHeaders:Microsoft.AspNetCore.HttpSys.Internal.RequestHeaders 
2019-05-20 16:12:47.5123|AccessManagement.Middleware.LogMiddleware|INFO|Request Path:/AppMenu/Create requestMethod:GET requestHost:localhost:44334 requestHeaders:Microsoft.AspNetCore.HttpSys.Internal.RequestHeaders 
2019-05-20 16:13:04.7751|AccessManagement.Middleware.LogMiddleware|INFO|Request Path:/AppMenu/Create requestMethod:POST requestHost:localhost:44334 requestHeaders:Microsoft.AspNetCore.HttpSys.Internal.RequestHeaders 
2019-05-20 16:13:08.0103|AccessManagement.Middleware.LogMiddleware|INFO|Request Body:Name=%E5%AE%A2%E6%9C%8D&Route=2&Order=0&Code=2&Description=&ParentId=1002&__RequestVerificationToken=CfDJ8HpNWGmIHV1JgRa71CTXXSVsYYF3mFgyqB9VlVe8RYTJSh8eDh2r-LpqpCBmcgzA4hUpbt5rJGuFG3GmlAT12zd2nGHWNFwQNrk5HcBD1zxKXnbtv5FdLm08qSHlL-KMWAUnV1_XEtRmBC2_AOms0fs 
2019-05-20 16:13:11.9504|AccessManagement.Middleware.LogMiddleware|INFO|Request Path:/AppMenu requestMethod:GET requestHost:localhost:44334 requestHeaders:Microsoft.AspNetCore.HttpSys.Internal.RequestHeaders 
2019-05-20 16:15:18.9167|AccessManagement.Middleware.LogMiddleware|INFO|Request Path:localhost:44334/ requestMethod:GET requestHeaders:Microsoft.AspNetCore.HttpSys.Internal.RequestHeaders 
2019-05-20 16:16:07.0510|AccessManagement.Middleware.LogMiddleware|INFO|Request Path:localhost:44334/appmenu requestMethod:GET requestHeaders:Microsoft.AspNetCore.HttpSys.Internal.RequestHeaders 
2019-05-20 16:16:13.9406|AccessManagement.Middleware.LogMiddleware|INFO|Request Path:localhost:44334/AppMenu/Edit requestMethod:GET requestHeaders:Microsoft.AspNetCore.HttpSys.Internal.RequestHeaders 
2019-05-20 16:16:53.6836|AccessManagement.Middleware.LogMiddleware|INFO|Request Path:localhost:44334/AppMenu/Edit requestMethod:GET requestHeaders:Microsoft.AspNetCore.HttpSys.Internal.RequestHeaders 
2019-05-20 16:19:27.6889|AccessManagement.Middleware.LogMiddleware|INFO|Request Path:localhost:44334/favicon.ico requestMethod:GET requestHeaders:Microsoft.AspNetCore.HttpSys.Internal.RequestHeaders 
2019-05-20 16:19:56.6795|AccessManagement.Middleware.LogMiddleware|INFO|Request Path:localhost:44334/AppMenu/Create requestMethod:GET requestHeaders:Microsoft.AspNetCore.HttpSys.Internal.RequestHeaders 
2019-05-20 16:20:06.7352|AccessManagement.Middleware.LogMiddleware|INFO|Request Path:localhost:44334/AppMenu/Create requestMethod:POST requestHeaders:Microsoft.AspNetCore.HttpSys.Internal.RequestHeaders 
2019-05-20 16:24:21.3419|AccessManagement.Middleware.LogMiddleware|INFO|Request Body:Name=3&Route=3&Order=0&Code=3&Description=3&ParentId=1002&__RequestVerificationToken=CfDJ8HpNWGmIHV1JgRa71CTXXSW4mHxn0_Z8F2OLMbtmEqqhOg--cCvbscVFXNoq2aj3UAxmyrP-t6Ybqb6QjkA1Gdr401O263pUNb0XBBQqFX_s3hMEew1qw2SkiPrtQMXvIo_Di518Uq1rWqy1gKSQMaE 
2019-05-20 16:24:22.7008|AccessManagement.Middleware.LogMiddleware|INFO|Request Path:localhost:44334/AppMenu requestMethod:GET requestHeaders:Microsoft.AspNetCore.HttpSys.Internal.RequestHeaders 
2019-05-20 16:24:35.5966|AccessManagement.Middleware.LogMiddleware|INFO|Request Path:localhost:44334/AppMenu/Create requestMethod:GET requestHeaders:Microsoft.AspNetCore.HttpSys.Internal.RequestHeaders 
2019-05-20 16:24:54.2638|AccessManagement.Middleware.LogMiddleware|INFO|Request Path:localhost:44334/AppMenu/Create requestMethod:POST requestHeaders:Microsoft.AspNetCore.HttpSys.Internal.RequestHeaders 
2019-05-20 16:25:39.8662|AccessManagement.Middleware.LogMiddleware|INFO|Request Body:Name=%E6%B5%8B%E8%AF%95%E5%85%AC%E5%8F%B81&Route=r&Order=0&Code=rr&Description=%E5%8D%83%E4%B8%87%E5%AF%8C%E7%BF%81&ParentId=1002&__RequestVerificationToken=CfDJ8HpNWGmIHV1JgRa71CTXXSUyC_N4zUQJdwJSM-3m06ztTrSjJgwAwoXupC84rWclGCSIZ_ZeFQ6OXA6Vjp2YWUnYkux96LDTGhsiqdoU5m1yD2rIglKrHF1th9dEY_Qv5CbdFf--Ujy6bQHDOsJIc3Q 
2019-05-20 16:25:39.9311|AccessManagement.Middleware.LogMiddleware|INFO|Request Path:localhost:44334/lib/bootstrap/dist/css/bootstrap.css.map requestMethod:GET requestHeaders:Microsoft.AspNetCore.HttpSys.Internal.RequestHeaders 
2019-05-20 16:25:40.5306|AccessManagement.Middleware.LogMiddleware|INFO|Request Path:localhost:44334/AppMenu requestMethod:GET requestHeaders:Microsoft.AspNetCore.HttpSys.Internal.RequestHeaders 
2019-05-20 16:25:43.1175|AccessManagement.Middleware.LogMiddleware|INFO|Request Path:localhost:44334/AppMenu/Create requestMethod:GET requestHeaders:Microsoft.AspNetCore.HttpSys.Internal.RequestHeaders 
2019-05-20 16:25:49.6898|AccessManagement.Middleware.LogMiddleware|INFO|Request Path:localhost:44334/AppMenu/Create requestMethod:POST requestHeaders:Microsoft.AspNetCore.HttpSys.Internal.RequestHeaders 
2019-05-20 16:26:26.1261|AccessManagement.Middleware.LogMiddleware|INFO|Request Body:Name=%E6%B5%8B%E8%AF%95%E5%85%AC%E5%8F%B81&Route=r&Order=0&Code=rr&Description=%E5%8D%83%E4%B8%87%E5%AF%8C%E7%BF%81&ParentId=1002&__RequestVerificationToken=CfDJ8HpNWGmIHV1JgRa71CTXXSUeVvw1qG5Q4DufWrRrSbvvTvX1yqdnGC7EMPL9h4r_Z1RzUpNX5kx_UjAWm4BBlkDKVOqEJjg2qRAxQDtnV4vQMzfj5o8J0FzPjZFiIqX2cwQ6liv0X2k5poPyXp0qwUc 
2019-05-20 16:26:26.6904|AccessManagement.Middleware.LogMiddleware|INFO|Request Path:localhost:44334/AppMenu requestMethod:GET requestHeaders:Microsoft.AspNetCore.HttpSys.Internal.RequestHeaders 
2019-05-20 16:26:29.4850|AccessManagement.Middleware.LogMiddleware|INFO|Request Path:localhost:44334/AppMenu/Create requestMethod:GET requestHeaders:Microsoft.AspNetCore.HttpSys.Internal.RequestHeaders 
2019-05-20 16:26:32.1296|AccessManagement.Middleware.LogMiddleware|INFO|Request Path:localhost:44334/AppMenu/Create requestMethod:POST requestHeaders:Microsoft.AspNetCore.HttpSys.Internal.RequestHeaders 
2019-05-20 16:27:30.5071|AccessManagement.Middleware.LogMiddleware|INFO|Request Body:Name=%E6%B5%8B%E8%AF%95%E5%85%AC%E5%8F%B81&Route=r&Order=0&Code=rr&Description=%E5%8D%83%E4%B8%87%E5%AF%8C%E7%BF%81&ParentId=1002&__RequestVerificationToken=CfDJ8HpNWGmIHV1JgRa71CTXXSUHL_JMA-TmSOvtpdG8h_OrHSYE0hd-SHbpsSjPzgy0F1kSQ5af7rOotpusBOX8mJtMj22LBL_4tfDUK-l6OxM9uZ_jOxDy1REkTgZYrH7XMyHpq7279qEs2mzAnaYdvbs 
2019-05-20 16:27:31.0145|AccessManagement.Middleware.LogMiddleware|INFO|Request Path:localhost:44334/AppMenu requestMethod:GET requestHeaders:Microsoft.AspNetCore.HttpSys.Internal.RequestHeaders 
